2024-08-06 10:36:46.344  INFO 24612 --- [restartedMain] com.mindskip.xzs.XzsApplication          : Starting XzsApplication on LAPTOP-TTND96VD with PID 24612 (D:\idea_workspace\xzs-mysql\source\xzs\target\classes started by 21925 in D:\idea_workspace\xzs-mysql\source\xzs)
2024-08-06 10:36:46.345  INFO 24612 --- [restartedMain] com.mindskip.xzs.XzsApplication          : The following profiles are active: dev
2024-08-06 10:36:46.390  INFO 24612 --- [restartedMain] .e.DevToolsPropertyDefaultsPostProcessor : Devtools property defaults active! Set 'spring.devtools.add-properties' to 'false' to disable
2024-08-06 10:36:46.390  INFO 24612 --- [restartedMain] .e.DevToolsPropertyDefaultsPostProcessor : For additional web related logging consider setting the 'logging.level.web' property to 'DEBUG'
2024-08-06 10:36:50.577  WARN 24612 --- [restartedMain] io.undertow.websockets.jsr               : UT026010: Buffer pool was not set on WebSocketDeploymentInfo, the default pool will be used
2024-08-06 10:36:50.601  INFO 24612 --- [restartedMain] io.undertow.servlet                      : Initializing Spring embedded WebApplicationContext
2024-08-06 10:36:50.601  INFO 24612 --- [restartedMain] o.s.web.context.ContextLoader            : Root WebApplicationContext: initialization completed in 4211 ms
2024-08-06 10:36:51.537  INFO 24612 --- [restartedMain] o.s.s.web.DefaultSecurityFilterChain     : Creating filter chain: any request, [org.springframework.security.web.context.request.async.WebAsyncManagerIntegrationFilter@42030f35, org.springframework.security.web.context.SecurityContextPersistenceFilter@65dedbf5, org.springframework.security.web.header.HeaderWriterFilter@57d5bc9c, org.springframework.web.filter.CorsFilter@7967c968, org.springframework.security.web.authentication.logout.LogoutFilter@ed5e9f2, com.mindskip.xzs.configuration.spring.security.RestLoginAuthenticationFilter@664bb929, org.springframework.security.web.authentication.UsernamePasswordAuthenticationFilter@51bec9c5, org.springframework.security.web.savedrequest.RequestCacheAwareFilter@7838ef25, org.springframework.security.web.servletapi.SecurityContextHolderAwareRequestFilter@4011be6d, org.springframework.security.web.authentication.rememberme.RememberMeAuthenticationFilter@25786659, org.springframework.security.web.authentication.AnonymousAuthenticationFilter@24a8281d, org.springframework.security.web.session.SessionManagementFilter@5fbef610, org.springframework.security.web.access.ExceptionTranslationFilter@4069621a, org.springframework.security.web.access.intercept.FilterSecurityInterceptor@3b4e7bfe]
2024-08-06 10:36:51.860  INFO 24612 --- [restartedMain] o.s.b.d.a.OptionalLiveReloadServer       : LiveReload server is running on port 35729
2024-08-06 10:36:51.921  INFO 24612 --- [restartedMain] org.xnio                                 : XNIO version 3.3.8.Final
2024-08-06 10:36:51.929  INFO 24612 --- [restartedMain] org.xnio.nio                             : XNIO NIO Implementation Version 3.3.8.Final
2024-08-06 10:36:51.999  INFO 24612 --- [restartedMain] o.s.b.w.e.u.UndertowServletWebServer     : Undertow started on port(s) 8000 (http) with context path ''
2024-08-06 10:36:52.002  INFO 24612 --- [restartedMain] com.mindskip.xzs.XzsApplication          : Started XzsApplication in 6.101 seconds (JVM running for 9.461)
2024-08-06 10:37:02.914  INFO 24612 --- [XNIO-1 task-3] io.undertow.servlet                      : Initializing Spring DispatcherServlet 'dispatcherServlet'
2024-08-06 10:37:02.915  INFO 24612 --- [XNIO-1 task-3] o.s.web.servlet.DispatcherServlet        : Initializing Servlet 'dispatcherServlet'
2024-08-06 10:37:02.921  INFO 24612 --- [XNIO-1 task-3] o.s.web.servlet.DispatcherServlet        : Completed initialization in 6 ms
2024-08-06 10:37:02.956  INFO 24612 --- [XNIO-1 task-1] com.zaxxer.hikari.HikariDataSource       : HikariPool-1 - Starting...
2024-08-06 10:37:03.112  INFO 24612 --- [XNIO-1 task-1] com.zaxxer.hikari.HikariDataSource       : HikariPool-1 - Start completed.
2024-08-06 10:37:03.117 DEBUG 24612 --- [XNIO-1 task-1] r.c.m.x.r.UserMapper.getUserByUserName   : ==>  Preparing: select id, user_uuid, user_name, password, real_name, age, sex, birth_day, user_level, phone, role, status, image_path, create_time, modify_time, last_active_time, deleted, wx_open_id from t_user where deleted=0 and user_name=? limit 1 
2024-08-06 10:37:03.117 DEBUG 24612 --- [XNIO-1 task-4] r.c.m.x.r.UserMapper.getUserByUserName   : ==>  Preparing: select id, user_uuid, user_name, password, real_name, age, sex, birth_day, user_level, phone, role, status, image_path, create_time, modify_time, last_active_time, deleted, wx_open_id from t_user where deleted=0 and user_name=? limit 1 
2024-08-06 10:37:03.119 DEBUG 24612 --- [XNIO-1 task-2] r.c.m.x.r.UserMapper.getUserByUserName   : ==>  Preparing: select id, user_uuid, user_name, password, real_name, age, sex, birth_day, user_level, phone, role, status, image_path, create_time, modify_time, last_active_time, deleted, wx_open_id from t_user where deleted=0 and user_name=? limit 1 
2024-08-06 10:37:03.122 DEBUG 24612 --- [XNIO-1 task-3] r.c.m.x.r.UserMapper.getUserByUserName   : ==>  Preparing: select id, user_uuid, user_name, password, real_name, age, sex, birth_day, user_level, phone, role, status, image_path, create_time, modify_time, last_active_time, deleted, wx_open_id from t_user where deleted=0 and user_name=? limit 1 
2024-08-06 10:37:03.137 DEBUG 24612 --- [XNIO-1 task-2] r.c.m.x.r.UserMapper.getUserByUserName   : ==> Parameters: admin(String)
2024-08-06 10:37:03.137 DEBUG 24612 --- [XNIO-1 task-4] r.c.m.x.r.UserMapper.getUserByUserName   : ==> Parameters: admin(String)
2024-08-06 10:37:03.137 DEBUG 24612 --- [XNIO-1 task-3] r.c.m.x.r.UserMapper.getUserByUserName   : ==> Parameters: admin(String)
2024-08-06 10:37:03.137 DEBUG 24612 --- [XNIO-1 task-1] r.c.m.x.r.UserMapper.getUserByUserName   : ==> Parameters: admin(String)
2024-08-06 10:37:03.183 DEBUG 24612 --- [XNIO-1 task-1] r.c.m.x.r.UserMapper.getUserByUserName   : <==      Total: 1
2024-08-06 10:37:03.183 DEBUG 24612 --- [XNIO-1 task-2] r.c.m.x.r.UserMapper.getUserByUserName   : <==      Total: 1
2024-08-06 10:37:03.183 DEBUG 24612 --- [XNIO-1 task-3] r.c.m.x.r.UserMapper.getUserByUserName   : <==      Total: 1
2024-08-06 10:37:03.183 DEBUG 24612 --- [XNIO-1 task-4] r.c.m.x.r.UserMapper.getUserByUserName   : <==      Total: 1
2024-08-06 10:37:03.188 DEBUG 24612 --- [XNIO-1 task-2] r.c.m.x.r.UserMapper.getUserByUserName   : ==>  Preparing: select id, user_uuid, user_name, password, real_name, age, sex, birth_day, user_level, phone, role, status, image_path, create_time, modify_time, last_active_time, deleted, wx_open_id from t_user where deleted=0 and user_name=? limit 1 
2024-08-06 10:37:03.188 DEBUG 24612 --- [XNIO-1 task-3] r.c.m.x.r.UserMapper.getUserByUserName   : ==>  Preparing: select id, user_uuid, user_name, password, real_name, age, sex, birth_day, user_level, phone, role, status, image_path, create_time, modify_time, last_active_time, deleted, wx_open_id from t_user where deleted=0 and user_name=? limit 1 
2024-08-06 10:37:03.188 DEBUG 24612 --- [XNIO-1 task-4] r.c.m.x.r.UserMapper.getUserByUserName   : ==>  Preparing: select id, user_uuid, user_name, password, real_name, age, sex, birth_day, user_level, phone, role, status, image_path, create_time, modify_time, last_active_time, deleted, wx_open_id from t_user where deleted=0 and user_name=? limit 1 
2024-08-06 10:37:03.188 DEBUG 24612 --- [XNIO-1 task-1] r.c.m.x.r.UserMapper.getUserByUserName   : ==>  Preparing: select id, user_uuid, user_name, password, real_name, age, sex, birth_day, user_level, phone, role, status, image_path, create_time, modify_time, last_active_time, deleted, wx_open_id from t_user where deleted=0 and user_name=? limit 1 
2024-08-06 10:37:03.188 DEBUG 24612 --- [XNIO-1 task-1] r.c.m.x.r.UserMapper.getUserByUserName   : ==> Parameters: admin(String)
2024-08-06 10:37:03.188 DEBUG 24612 --- [XNIO-1 task-4] r.c.m.x.r.UserMapper.getUserByUserName   : ==> Parameters: admin(String)
2024-08-06 10:37:03.188 DEBUG 24612 --- [XNIO-1 task-3] r.c.m.x.r.UserMapper.getUserByUserName   : ==> Parameters: admin(String)
2024-08-06 10:37:03.188 DEBUG 24612 --- [XNIO-1 task-2] r.c.m.x.r.UserMapper.getUserByUserName   : ==> Parameters: admin(String)
2024-08-06 10:37:03.189 DEBUG 24612 --- [XNIO-1 task-3] r.c.m.x.r.UserMapper.getUserByUserName   : <==      Total: 1
2024-08-06 10:37:03.189 DEBUG 24612 --- [XNIO-1 task-4] r.c.m.x.r.UserMapper.getUserByUserName   : <==      Total: 1
2024-08-06 10:37:03.189 DEBUG 24612 --- [XNIO-1 task-2] r.c.m.x.r.UserMapper.getUserByUserName   : <==      Total: 1
2024-08-06 10:37:03.189 DEBUG 24612 --- [XNIO-1 task-1] r.c.m.x.r.UserMapper.getUserByUserName   : <==      Total: 1
2024-08-06 10:37:10.841 DEBUG 24612 --- [XNIO-1 task-5] r.c.m.x.r.UserMapper.getUserByUserName   : ==>  Preparing: select id, user_uuid, user_name, password, real_name, age, sex, birth_day, user_level, phone, role, status, image_path, create_time, modify_time, last_active_time, deleted, wx_open_id from t_user where deleted=0 and user_name=? limit 1 
2024-08-06 10:37:10.841 DEBUG 24612 --- [XNIO-1 task-5] r.c.m.x.r.UserMapper.getUserByUserName   : ==> Parameters: student(String)
2024-08-06 10:37:10.841 DEBUG 24612 --- [XNIO-1 task-5] r.c.m.x.r.UserMapper.getUserByUserName   : <==      Total: 1
2024-08-06 10:37:10.848 DEBUG 24612 --- [XNIO-1 task-5] r.c.m.x.r.UserMapper.getUserByUserName   : ==>  Preparing: select id, user_uuid, user_name, password, real_name, age, sex, birth_day, user_level, phone, role, status, image_path, create_time, modify_time, last_active_time, deleted, wx_open_id from t_user where deleted=0 and user_name=? limit 1 
2024-08-06 10:37:10.848 DEBUG 24612 --- [XNIO-1 task-5] r.c.m.x.r.UserMapper.getUserByUserName   : ==> Parameters: student(String)
2024-08-06 10:37:10.848 DEBUG 24612 --- [XNIO-1 task-5] r.c.m.x.r.UserMapper.getUserByUserName   : <==      Total: 1
2024-08-06 10:37:10.862 DEBUG 24612 --- [XNIO-1 task-5] r.c.m.x.r.U.insertSelective              : ==>  Preparing: insert into t_user_event_log ( user_id, user_name, real_name, content, create_time ) values ( ?, ?, ?, ?, ? ) 
2024-08-06 10:37:10.865 DEBUG 24612 --- [XNIO-1 task-5] r.c.m.x.r.U.insertSelective              : ==> Parameters: 1(Integer), student(String), 学生(String), student 登录了学之思开源考试系统(String), 2024-08-06 10:37:10.848(Timestamp)
2024-08-06 10:37:10.883 DEBUG 24612 --- [XNIO-1 task-5] r.c.m.x.r.U.insertSelective              : <==    Updates: 1
2024-08-06 10:37:11.113 DEBUG 24612 --- [XNIO-1 task-6] r.c.m.x.r.UserMapper.getUserByUserName   : ==>  Preparing: select id, user_uuid, user_name, password, real_name, age, sex, birth_day, user_level, phone, role, status, image_path, create_time, modify_time, last_active_time, deleted, wx_open_id from t_user where deleted=0 and user_name=? limit 1 
2024-08-06 10:37:11.113 DEBUG 24612 --- [XNIO-1 task-6] r.c.m.x.r.UserMapper.getUserByUserName   : ==> Parameters: student(String)
2024-08-06 10:37:11.113 DEBUG 24612 --- [XNIO-1 task-6] r.c.m.x.r.UserMapper.getUserByUserName   : <==      Total: 1
2024-08-06 10:37:11.113 DEBUG 24612 --- [XNIO-1 task-6] r.c.m.x.r.MessageUserMapper.unReadCount  : ==>  Preparing: select count(*) from t_message_user where readed='f' and receive_user_id = ? 
2024-08-06 10:37:11.113 DEBUG 24612 --- [XNIO-1 task-6] r.c.m.x.r.MessageUserMapper.unReadCount  : ==> Parameters: 1(Integer)
2024-08-06 10:37:11.127 DEBUG 24612 --- [XNIO-1 task-6] r.c.m.x.r.MessageUserMapper.unReadCount  : <==      Total: 1
2024-08-06 10:37:11.254 DEBUG 24612 --- [XNIO-1 task-7] r.c.m.x.r.UserMapper.getUserByUserName   : ==>  Preparing: select id, user_uuid, user_name, password, real_name, age, sex, birth_day, user_level, phone, role, status, image_path, create_time, modify_time, last_active_time, deleted, wx_open_id from t_user where deleted=0 and user_name=? limit 1 
2024-08-06 10:37:11.254 DEBUG 24612 --- [XNIO-1 task-9] r.c.m.x.r.UserMapper.getUserByUserName   : ==>  Preparing: select id, user_uuid, user_name, password, real_name, age, sex, birth_day, user_level, phone, role, status, image_path, create_time, modify_time, last_active_time, deleted, wx_open_id from t_user where deleted=0 and user_name=? limit 1 
2024-08-06 10:37:11.254 DEBUG 24612 --- [XNIO-1 task-8] r.c.m.x.r.UserMapper.getUserByUserName   : ==>  Preparing: select id, user_uuid, user_name, password, real_name, age, sex, birth_day, user_level, phone, role, status, image_path, create_time, modify_time, last_active_time, deleted, wx_open_id from t_user where deleted=0 and user_name=? limit 1 
2024-08-06 10:37:11.254 DEBUG 24612 --- [XNIO-1 task-7] r.c.m.x.r.UserMapper.getUserByUserName   : ==> Parameters: student(String)
2024-08-06 10:37:11.254 DEBUG 24612 --- [XNIO-1 task-9] r.c.m.x.r.UserMapper.getUserByUserName   : ==> Parameters: student(String)
2024-08-06 10:37:11.254 DEBUG 24612 --- [XNIO-1 task-8] r.c.m.x.r.UserMapper.getUserByUserName   : ==> Parameters: student(String)
2024-08-06 10:37:11.264 DEBUG 24612 --- [XNIO-1 task-8] r.c.m.x.r.UserMapper.getUserByUserName   : <==      Total: 1
2024-08-06 10:37:11.264 DEBUG 24612 --- [XNIO-1 task-9] r.c.m.x.r.UserMapper.getUserByUserName   : <==      Total: 1
2024-08-06 10:37:11.264 DEBUG 24612 --- [XNIO-1 task-7] r.c.m.x.r.UserMapper.getUserByUserName   : <==      Total: 1
2024-08-06 10:37:11.264 DEBUG 24612 --- [XNIO-1 task-7] r.c.m.x.r.T.getByGradeLevel              : ==>  Preparing: select id, title, grade_level, frame_text_content_id, create_user, create_time, deleted, create_user_name from t_task_exam where deleted=0 and grade_level = ? 
2024-08-06 10:37:11.264 DEBUG 24612 --- [XNIO-1 task-7] r.c.m.x.r.T.getByGradeLevel              : ==> Parameters: 1(Integer)
2024-08-06 10:37:11.265 DEBUG 24612 --- [XNIO-1 task-8] r.c.m.x.r.ExamPaperMapper.indexPaper     : ==>  Preparing: SELECT id,name,limit_start_time,limit_end_time FROM t_exam_paper WHERE deleted=0 and paper_type= ? and grade_level=? ORDER BY id desc limit 5 
2024-08-06 10:37:11.265 DEBUG 24612 --- [XNIO-1 task-8] r.c.m.x.r.ExamPaperMapper.indexPaper     : ==> Parameters: 1(Integer), 1(Integer)
2024-08-06 10:37:11.265 DEBUG 24612 --- [XNIO-1 task-7] r.c.m.x.r.T.getByGradeLevel              : <==      Total: 0
2024-08-06 10:37:11.276 DEBUG 24612 --- [XNIO-1 task-8] r.c.m.x.r.ExamPaperMapper.indexPaper     : <==      Total: 0
2024-08-06 10:37:11.276 DEBUG 24612 --- [XNIO-1 task-8] r.c.m.x.r.ExamPaperMapper.indexPaper     : ==>  Preparing: SELECT id,name,limit_start_time,limit_end_time FROM t_exam_paper WHERE deleted=0 and paper_type= ? and grade_level=? and ? between limit_start_time and limit_end_time ORDER BY id desc limit 5 
2024-08-06 10:37:11.276 DEBUG 24612 --- [XNIO-1 task-8] r.c.m.x.r.ExamPaperMapper.indexPaper     : ==> Parameters: 4(Integer), 1(Integer), 2024-08-06 10:37:11.276(Timestamp)
2024-08-06 10:37:11.279 DEBUG 24612 --- [XNIO-1 task-8] r.c.m.x.r.ExamPaperMapper.indexPaper     : <==      Total: 0
2024-08-06 10:37:14.800 DEBUG 24612 --- [XNIO-1 task-10] r.c.m.x.r.UserMapper.getUserByUserName   : ==>  Preparing: select id, user_uuid, user_name, password, real_name, age, sex, birth_day, user_level, phone, role, status, image_path, create_time, modify_time, last_active_time, deleted, wx_open_id from t_user where deleted=0 and user_name=? limit 1 
2024-08-06 10:37:14.800 DEBUG 24612 --- [XNIO-1 task-10] r.c.m.x.r.UserMapper.getUserByUserName   : ==> Parameters: student(String)
2024-08-06 10:37:14.800 DEBUG 24612 --- [XNIO-1 task-10] r.c.m.x.r.UserMapper.getUserByUserName   : <==      Total: 1
2024-08-06 10:37:14.800 DEBUG 24612 --- [XNIO-1 task-10] r.c.m.x.r.S.getSubjectByLevel            : ==>  Preparing: select id, name, level, level_name, item_order, deleted from t_subject where level= ? order by item_order 
2024-08-06 10:37:14.800 DEBUG 24612 --- [XNIO-1 task-10] r.c.m.x.r.S.getSubjectByLevel            : ==> Parameters: 1(Integer)
2024-08-06 10:37:14.812 DEBUG 24612 --- [XNIO-1 task-10] r.c.m.x.r.S.getSubjectByLevel            : <==      Total: 0
2024-08-06 10:37:16.865 DEBUG 24612 --- [XNIO-1 task-11] r.c.m.x.r.UserMapper.getUserByUserName   : ==>  Preparing: select id, user_uuid, user_name, password, real_name, age, sex, birth_day, user_level, phone, role, status, image_path, create_time, modify_time, last_active_time, deleted, wx_open_id from t_user where deleted=0 and user_name=? limit 1 
2024-08-06 10:37:16.865 DEBUG 24612 --- [XNIO-1 task-11] r.c.m.x.r.UserMapper.getUserByUserName   : ==> Parameters: student(String)
2024-08-06 10:37:16.868 DEBUG 24612 --- [XNIO-1 task-11] r.c.m.x.r.UserMapper.getUserByUserName   : <==      Total: 1
2024-08-06 10:37:16.868 DEBUG 24612 --- [XNIO-1 task-11] r.c.m.x.r.ExamPaperMapper.indexPaper     : ==>  Preparing: SELECT id,name,limit_start_time,limit_end_time FROM t_exam_paper WHERE deleted=0 and paper_type= ? and grade_level=? ORDER BY id desc limit 5 
2024-08-06 10:37:16.868 DEBUG 24612 --- [XNIO-1 task-11] r.c.m.x.r.ExamPaperMapper.indexPaper     : ==> Parameters: 1(Integer), 1(Integer)
2024-08-06 10:37:16.870 DEBUG 24612 --- [XNIO-1 task-11] r.c.m.x.r.ExamPaperMapper.indexPaper     : <==      Total: 0
2024-08-06 10:37:16.870 DEBUG 24612 --- [XNIO-1 task-11] r.c.m.x.r.ExamPaperMapper.indexPaper     : ==>  Preparing: SELECT id,name,limit_start_time,limit_end_time FROM t_exam_paper WHERE deleted=0 and paper_type= ? and grade_level=? and ? between limit_start_time and limit_end_time ORDER BY id desc limit 5 
2024-08-06 10:37:16.871 DEBUG 24612 --- [XNIO-1 task-11] r.c.m.x.r.ExamPaperMapper.indexPaper     : ==> Parameters: 4(Integer), 1(Integer), 2024-08-06 10:37:16.87(Timestamp)
2024-08-06 10:37:16.871 DEBUG 24612 --- [XNIO-1 task-11] r.c.m.x.r.ExamPaperMapper.indexPaper     : <==      Total: 0
2024-08-06 10:37:17.171 DEBUG 24612 --- [XNIO-1 task-12] r.c.m.x.r.UserMapper.getUserByUserName   : ==>  Preparing: select id, user_uuid, user_name, password, real_name, age, sex, birth_day, user_level, phone, role, status, image_path, create_time, modify_time, last_active_time, deleted, wx_open_id from t_user where deleted=0 and user_name=? limit 1 
2024-08-06 10:37:17.171 DEBUG 24612 --- [XNIO-1 task-12] r.c.m.x.r.UserMapper.getUserByUserName   : ==> Parameters: student(String)
2024-08-06 10:37:17.171 DEBUG 24612 --- [XNIO-1 task-12] r.c.m.x.r.UserMapper.getUserByUserName   : <==      Total: 1
2024-08-06 10:37:17.171 DEBUG 24612 --- [XNIO-1 task-12] r.c.m.x.r.T.getByGradeLevel              : ==>  Preparing: select id, title, grade_level, frame_text_content_id, create_user, create_time, deleted, create_user_name from t_task_exam where deleted=0 and grade_level = ? 
2024-08-06 10:37:17.171 DEBUG 24612 --- [XNIO-1 task-12] r.c.m.x.r.T.getByGradeLevel              : ==> Parameters: 1(Integer)
2024-08-06 10:37:17.171 DEBUG 24612 --- [XNIO-1 task-12] r.c.m.x.r.T.getByGradeLevel              : <==      Total: 0
2024-08-06 10:37:18.115 DEBUG 24612 --- [XNIO-1 task-13] r.c.m.x.r.UserMapper.getUserByUserName   : ==>  Preparing: select id, user_uuid, user_name, password, real_name, age, sex, birth_day, user_level, phone, role, status, image_path, create_time, modify_time, last_active_time, deleted, wx_open_id from t_user where deleted=0 and user_name=? limit 1 
2024-08-06 10:37:18.115 DEBUG 24612 --- [XNIO-1 task-13] r.c.m.x.r.UserMapper.getUserByUserName   : ==> Parameters: student(String)
2024-08-06 10:37:18.115 DEBUG 24612 --- [XNIO-1 task-13] r.c.m.x.r.UserMapper.getUserByUserName   : <==      Total: 1
2024-08-06 10:37:18.140 DEBUG 24612 --- [XNIO-1 task-13] r.c.m.x.r.E.studentPage_COUNT            : ==>  Preparing: SELECT count(0) FROM t_exam_paper_answer WHERE create_user = ? 
2024-08-06 10:37:18.140 DEBUG 24612 --- [XNIO-1 task-13] r.c.m.x.r.E.studentPage_COUNT            : ==> Parameters: 1(Integer)
2024-08-06 10:37:18.153 DEBUG 24612 --- [XNIO-1 task-13] r.c.m.x.r.E.studentPage_COUNT            : <==      Total: 1
2024-08-06 10:37:19.113 DEBUG 24612 --- [XNIO-1 task-14] r.c.m.x.r.UserMapper.getUserByUserName   : ==>  Preparing: select id, user_uuid, user_name, password, real_name, age, sex, birth_day, user_level, phone, role, status, image_path, create_time, modify_time, last_active_time, deleted, wx_open_id from t_user where deleted=0 and user_name=? limit 1 
2024-08-06 10:37:19.114 DEBUG 24612 --- [XNIO-1 task-14] r.c.m.x.r.UserMapper.getUserByUserName   : ==> Parameters: student(String)
2024-08-06 10:37:19.115 DEBUG 24612 --- [XNIO-1 task-14] r.c.m.x.r.UserMapper.getUserByUserName   : <==      Total: 1
2024-08-06 10:37:19.115 DEBUG 24612 --- [XNIO-1 task-14] r.c.m.x.r.ExamPaperMapper.indexPaper     : ==>  Preparing: SELECT id,name,limit_start_time,limit_end_time FROM t_exam_paper WHERE deleted=0 and paper_type= ? and grade_level=? ORDER BY id desc limit 5 
2024-08-06 10:37:19.115 DEBUG 24612 --- [XNIO-1 task-14] r.c.m.x.r.ExamPaperMapper.indexPaper     : ==> Parameters: 1(Integer), 1(Integer)
2024-08-06 10:37:19.116 DEBUG 24612 --- [XNIO-1 task-14] r.c.m.x.r.ExamPaperMapper.indexPaper     : <==      Total: 0
2024-08-06 10:37:19.116 DEBUG 24612 --- [XNIO-1 task-14] r.c.m.x.r.ExamPaperMapper.indexPaper     : ==>  Preparing: SELECT id,name,limit_start_time,limit_end_time FROM t_exam_paper WHERE deleted=0 and paper_type= ? and grade_level=? and ? between limit_start_time and limit_end_time ORDER BY id desc limit 5 
2024-08-06 10:37:19.116 DEBUG 24612 --- [XNIO-1 task-14] r.c.m.x.r.ExamPaperMapper.indexPaper     : ==> Parameters: 4(Integer), 1(Integer), 2024-08-06 10:37:19.116(Timestamp)
2024-08-06 10:37:19.116 DEBUG 24612 --- [XNIO-1 task-14] r.c.m.x.r.ExamPaperMapper.indexPaper     : <==      Total: 0
2024-08-06 10:37:19.425 DEBUG 24612 --- [XNIO-1 task-15] r.c.m.x.r.UserMapper.getUserByUserName   : ==>  Preparing: select id, user_uuid, user_name, password, real_name, age, sex, birth_day, user_level, phone, role, status, image_path, create_time, modify_time, last_active_time, deleted, wx_open_id from t_user where deleted=0 and user_name=? limit 1 
2024-08-06 10:37:19.425 DEBUG 24612 --- [XNIO-1 task-15] r.c.m.x.r.UserMapper.getUserByUserName   : ==> Parameters: student(String)
2024-08-06 10:37:19.425 DEBUG 24612 --- [XNIO-1 task-15] r.c.m.x.r.UserMapper.getUserByUserName   : <==      Total: 1
2024-08-06 10:37:19.425 DEBUG 24612 --- [XNIO-1 task-15] r.c.m.x.r.T.getByGradeLevel              : ==>  Preparing: select id, title, grade_level, frame_text_content_id, create_user, create_time, deleted, create_user_name from t_task_exam where deleted=0 and grade_level = ? 
2024-08-06 10:37:19.425 DEBUG 24612 --- [XNIO-1 task-15] r.c.m.x.r.T.getByGradeLevel              : ==> Parameters: 1(Integer)
2024-08-06 10:37:19.425 DEBUG 24612 --- [XNIO-1 task-15] r.c.m.x.r.T.getByGradeLevel              : <==      Total: 0
2024-08-06 10:37:20.953 DEBUG 24612 --- [XNIO-1 task-16] r.c.m.x.r.UserMapper.getUserByUserName   : ==>  Preparing: select id, user_uuid, user_name, password, real_name, age, sex, birth_day, user_level, phone, role, status, image_path, create_time, modify_time, last_active_time, deleted, wx_open_id from t_user where deleted=0 and user_name=? limit 1 
2024-08-06 10:37:20.953 DEBUG 24612 --- [XNIO-1 task-16] r.c.m.x.r.UserMapper.getUserByUserName   : ==> Parameters: student(String)
2024-08-06 10:37:20.954 DEBUG 24612 --- [XNIO-1 task-17] r.c.m.x.r.UserMapper.getUserByUserName   : ==>  Preparing: select id, user_uuid, user_name, password, real_name, age, sex, birth_day, user_level, phone, role, status, image_path, create_time, modify_time, last_active_time, deleted, wx_open_id from t_user where deleted=0 and user_name=? limit 1 
2024-08-06 10:37:20.954 DEBUG 24612 --- [XNIO-1 task-16] r.c.m.x.r.UserMapper.getUserByUserName   : <==      Total: 1
2024-08-06 10:37:20.954 DEBUG 24612 --- [XNIO-1 task-17] r.c.m.x.r.UserMapper.getUserByUserName   : ==> Parameters: student(String)
2024-08-06 10:37:20.955 DEBUG 24612 --- [XNIO-1 task-16] r.c.m.x.r.MessageUserMapper.unReadCount  : ==>  Preparing: select count(*) from t_message_user where readed='f' and receive_user_id = ? 
2024-08-06 10:37:20.955 DEBUG 24612 --- [XNIO-1 task-16] r.c.m.x.r.MessageUserMapper.unReadCount  : ==> Parameters: 1(Integer)
2024-08-06 10:37:20.955 DEBUG 24612 --- [XNIO-1 task-16] r.c.m.x.r.MessageUserMapper.unReadCount  : <==      Total: 1
2024-08-06 10:37:20.955 DEBUG 24612 --- [XNIO-1 task-17] r.c.m.x.r.UserMapper.getUserByUserName   : <==      Total: 1
2024-08-06 10:37:21.044 DEBUG 24612 --- [XNIO-1 task-18] r.c.m.x.r.UserMapper.getUserByUserName   : ==>  Preparing: select id, user_uuid, user_name, password, real_name, age, sex, birth_day, user_level, phone, role, status, image_path, create_time, modify_time, last_active_time, deleted, wx_open_id from t_user where deleted=0 and user_name=? limit 1 
2024-08-06 10:37:21.044 DEBUG 24612 --- [XNIO-1 task-18] r.c.m.x.r.UserMapper.getUserByUserName   : ==> Parameters: student(String)
2024-08-06 10:37:21.044 DEBUG 24612 --- [XNIO-1 task-18] r.c.m.x.r.UserMapper.getUserByUserName   : <==      Total: 1
2024-08-06 10:37:21.044 DEBUG 24612 --- [XNIO-1 task-18] r.c.m.x.r.ExamPaperMapper.indexPaper     : ==>  Preparing: SELECT id,name,limit_start_time,limit_end_time FROM t_exam_paper WHERE deleted=0 and paper_type= ? and grade_level=? ORDER BY id desc limit 5 
2024-08-06 10:37:21.044 DEBUG 24612 --- [XNIO-1 task-18] r.c.m.x.r.ExamPaperMapper.indexPaper     : ==> Parameters: 1(Integer), 1(Integer)
2024-08-06 10:37:21.044 DEBUG 24612 --- [XNIO-1 task-18] r.c.m.x.r.ExamPaperMapper.indexPaper     : <==      Total: 0
2024-08-06 10:37:21.044 DEBUG 24612 --- [XNIO-1 task-18] r.c.m.x.r.ExamPaperMapper.indexPaper     : ==>  Preparing: SELECT id,name,limit_start_time,limit_end_time FROM t_exam_paper WHERE deleted=0 and paper_type= ? and grade_level=? and ? between limit_start_time and limit_end_time ORDER BY id desc limit 5 
2024-08-06 10:37:21.049 DEBUG 24612 --- [XNIO-1 task-18] r.c.m.x.r.ExamPaperMapper.indexPaper     : ==> Parameters: 4(Integer), 1(Integer), 2024-08-06 10:37:21.044(Timestamp)
2024-08-06 10:37:21.049 DEBUG 24612 --- [XNIO-1 task-18] r.c.m.x.r.ExamPaperMapper.indexPaper     : <==      Total: 0
2024-08-06 10:37:21.160 DEBUG 24612 --- [XNIO-1 task-19] r.c.m.x.r.UserMapper.getUserByUserName   : ==>  Preparing: select id, user_uuid, user_name, password, real_name, age, sex, birth_day, user_level, phone, role, status, image_path, create_time, modify_time, last_active_time, deleted, wx_open_id from t_user where deleted=0 and user_name=? limit 1 
2024-08-06 10:37:21.160 DEBUG 24612 --- [XNIO-1 task-19] r.c.m.x.r.UserMapper.getUserByUserName   : ==> Parameters: student(String)
2024-08-06 10:37:21.160 DEBUG 24612 --- [XNIO-1 task-19] r.c.m.x.r.UserMapper.getUserByUserName   : <==      Total: 1
2024-08-06 10:37:21.160 DEBUG 24612 --- [XNIO-1 task-19] r.c.m.x.r.T.getByGradeLevel              : ==>  Preparing: select id, title, grade_level, frame_text_content_id, create_user, create_time, deleted, create_user_name from t_task_exam where deleted=0 and grade_level = ? 
2024-08-06 10:37:21.160 DEBUG 24612 --- [XNIO-1 task-19] r.c.m.x.r.T.getByGradeLevel              : ==> Parameters: 1(Integer)
2024-08-06 10:37:21.160 DEBUG 24612 --- [XNIO-1 task-19] r.c.m.x.r.T.getByGradeLevel              : <==      Total: 0
2024-08-06 10:37:26.189 DEBUG 24612 --- [XNIO-1 task-20] r.c.m.x.r.UserMapper.getUserByUserName   : ==>  Preparing: select id, user_uuid, user_name, password, real_name, age, sex, birth_day, user_level, phone, role, status, image_path, create_time, modify_time, last_active_time, deleted, wx_open_id from t_user where deleted=0 and user_name=? limit 1 
2024-08-06 10:37:26.189 DEBUG 24612 --- [XNIO-1 task-20] r.c.m.x.r.UserMapper.getUserByUserName   : ==> Parameters: student(String)
2024-08-06 10:37:26.196 DEBUG 24612 --- [XNIO-1 task-20] r.c.m.x.r.UserMapper.getUserByUserName   : <==      Total: 1
2024-08-06 10:37:26.196 DEBUG 24612 --- [XNIO-1 task-20] r.c.m.x.r.S.getSubjectByLevel            : ==>  Preparing: select id, name, level, level_name, item_order, deleted from t_subject where level= ? order by item_order 
2024-08-06 10:37:26.196 DEBUG 24612 --- [XNIO-1 task-20] r.c.m.x.r.S.getSubjectByLevel            : ==> Parameters: 1(Integer)
2024-08-06 10:37:26.196 DEBUG 24612 --- [XNIO-1 task-20] r.c.m.x.r.S.getSubjectByLevel            : <==      Total: 0
2024-08-06 10:37:28.164 DEBUG 24612 --- [XNIO-1 task-21] r.c.m.x.r.UserMapper.getUserByUserName   : ==>  Preparing: select id, user_uuid, user_name, password, real_name, age, sex, birth_day, user_level, phone, role, status, image_path, create_time, modify_time, last_active_time, deleted, wx_open_id from t_user where deleted=0 and user_name=? limit 1 
2024-08-06 10:37:28.164 DEBUG 24612 --- [XNIO-1 task-21] r.c.m.x.r.UserMapper.getUserByUserName   : ==> Parameters: student(String)
2024-08-06 10:37:28.167 DEBUG 24612 --- [XNIO-1 task-21] r.c.m.x.r.UserMapper.getUserByUserName   : <==      Total: 1
2024-08-06 10:37:28.168 DEBUG 24612 --- [XNIO-1 task-21] r.c.m.x.r.E.studentPage_COUNT            : ==>  Preparing: SELECT count(0) FROM t_exam_paper_answer WHERE create_user = ? 
2024-08-06 10:37:28.168 DEBUG 24612 --- [XNIO-1 task-21] r.c.m.x.r.E.studentPage_COUNT            : ==> Parameters: 1(Integer)
2024-08-06 10:37:28.169 DEBUG 24612 --- [XNIO-1 task-21] r.c.m.x.r.E.studentPage_COUNT            : <==      Total: 1
2024-08-06 10:37:29.327 DEBUG 24612 --- [XNIO-1 task-22] r.c.m.x.r.UserMapper.getUserByUserName   : ==>  Preparing: select id, user_uuid, user_name, password, real_name, age, sex, birth_day, user_level, phone, role, status, image_path, create_time, modify_time, last_active_time, deleted, wx_open_id from t_user where deleted=0 and user_name=? limit 1 
2024-08-06 10:37:29.327 DEBUG 24612 --- [XNIO-1 task-22] r.c.m.x.r.UserMapper.getUserByUserName   : ==> Parameters: student(String)
2024-08-06 10:37:29.327 DEBUG 24612 --- [XNIO-1 task-22] r.c.m.x.r.UserMapper.getUserByUserName   : <==      Total: 1
2024-08-06 10:37:29.334 DEBUG 24612 --- [XNIO-1 task-22] r.c.m.x.r.E.studentPage_COUNT            : ==>  Preparing: SELECT count(0) FROM t_exam_paper_question_customer_answer WHERE do_right = FALSE AND create_user = ? 
2024-08-06 10:37:29.334 DEBUG 24612 --- [XNIO-1 task-22] r.c.m.x.r.E.studentPage_COUNT            : ==> Parameters: 1(Integer)
2024-08-06 10:37:29.341 DEBUG 24612 --- [XNIO-1 task-22] r.c.m.x.r.E.studentPage_COUNT            : <==      Total: 1
2024-08-06 10:37:29.799 DEBUG 24612 --- [XNIO-1 task-23] r.c.m.x.r.UserMapper.getUserByUserName   : ==>  Preparing: select id, user_uuid, user_name, password, real_name, age, sex, birth_day, user_level, phone, role, status, image_path, create_time, modify_time, last_active_time, deleted, wx_open_id from t_user where deleted=0 and user_name=? limit 1 
2024-08-06 10:37:29.800 DEBUG 24612 --- [XNIO-1 task-23] r.c.m.x.r.UserMapper.getUserByUserName   : ==> Parameters: student(String)
2024-08-06 10:37:29.800 DEBUG 24612 --- [XNIO-1 task-23] r.c.m.x.r.UserMapper.getUserByUserName   : <==      Total: 1
2024-08-06 10:37:29.802 DEBUG 24612 --- [XNIO-1 task-23] r.c.m.x.r.E.studentPage_COUNT            : ==>  Preparing: SELECT count(0) FROM t_exam_paper_answer WHERE create_user = ? 
2024-08-06 10:37:29.802 DEBUG 24612 --- [XNIO-1 task-23] r.c.m.x.r.E.studentPage_COUNT            : ==> Parameters: 1(Integer)
2024-08-06 10:37:29.802 DEBUG 24612 --- [XNIO-1 task-23] r.c.m.x.r.E.studentPage_COUNT            : <==      Total: 1
2024-08-06 10:37:30.813 DEBUG 24612 --- [XNIO-1 task-24] r.c.m.x.r.UserMapper.getUserByUserName   : ==>  Preparing: select id, user_uuid, user_name, password, real_name, age, sex, birth_day, user_level, phone, role, status, image_path, create_time, modify_time, last_active_time, deleted, wx_open_id from t_user where deleted=0 and user_name=? limit 1 
2024-08-06 10:37:30.813 DEBUG 24612 --- [XNIO-1 task-24] r.c.m.x.r.UserMapper.getUserByUserName   : ==> Parameters: student(String)
2024-08-06 10:37:30.813 DEBUG 24612 --- [XNIO-1 task-24] r.c.m.x.r.UserMapper.getUserByUserName   : <==      Total: 1
2024-08-06 10:37:30.813 DEBUG 24612 --- [XNIO-1 task-24] r.c.m.x.r.E.studentPage_COUNT            : ==>  Preparing: SELECT count(0) FROM t_exam_paper_question_customer_answer WHERE do_right = FALSE AND create_user = ? 
2024-08-06 10:37:30.813 DEBUG 24612 --- [XNIO-1 task-24] r.c.m.x.r.E.studentPage_COUNT            : ==> Parameters: 1(Integer)
2024-08-06 10:37:30.813 DEBUG 24612 --- [XNIO-1 task-24] r.c.m.x.r.E.studentPage_COUNT            : <==      Total: 1
2024-08-06 10:37:31.980 DEBUG 24612 --- [XNIO-1 task-25] r.c.m.x.r.UserMapper.getUserByUserName   : ==>  Preparing: select id, user_uuid, user_name, password, real_name, age, sex, birth_day, user_level, phone, role, status, image_path, create_time, modify_time, last_active_time, deleted, wx_open_id from t_user where deleted=0 and user_name=? limit 1 
2024-08-06 10:37:31.980 DEBUG 24612 --- [XNIO-1 task-25] r.c.m.x.r.UserMapper.getUserByUserName   : ==> Parameters: student(String)
2024-08-06 10:37:31.980 DEBUG 24612 --- [XNIO-1 task-25] r.c.m.x.r.UserMapper.getUserByUserName   : <==      Total: 1
2024-08-06 10:37:31.980 DEBUG 24612 --- [XNIO-1 task-25] r.c.m.x.r.ExamPaperMapper.indexPaper     : ==>  Preparing: SELECT id,name,limit_start_time,limit_end_time FROM t_exam_paper WHERE deleted=0 and paper_type= ? and grade_level=? ORDER BY id desc limit 5 
2024-08-06 10:37:31.980 DEBUG 24612 --- [XNIO-1 task-25] r.c.m.x.r.ExamPaperMapper.indexPaper     : ==> Parameters: 1(Integer), 1(Integer)
2024-08-06 10:37:31.980 DEBUG 24612 --- [XNIO-1 task-25] r.c.m.x.r.ExamPaperMapper.indexPaper     : <==      Total: 0
2024-08-06 10:37:31.980 DEBUG 24612 --- [XNIO-1 task-25] r.c.m.x.r.ExamPaperMapper.indexPaper     : ==>  Preparing: SELECT id,name,limit_start_time,limit_end_time FROM t_exam_paper WHERE deleted=0 and paper_type= ? and grade_level=? and ? between limit_start_time and limit_end_time ORDER BY id desc limit 5 
2024-08-06 10:37:31.980 DEBUG 24612 --- [XNIO-1 task-25] r.c.m.x.r.ExamPaperMapper.indexPaper     : ==> Parameters: 4(Integer), 1(Integer), 2024-08-06 10:37:31.98(Timestamp)
2024-08-06 10:37:31.980 DEBUG 24612 --- [XNIO-1 task-25] r.c.m.x.r.ExamPaperMapper.indexPaper     : <==      Total: 0
2024-08-06 10:37:32.279 DEBUG 24612 --- [XNIO-1 task-26] r.c.m.x.r.UserMapper.getUserByUserName   : ==>  Preparing: select id, user_uuid, user_name, password, real_name, age, sex, birth_day, user_level, phone, role, status, image_path, create_time, modify_time, last_active_time, deleted, wx_open_id from t_user where deleted=0 and user_name=? limit 1 
2024-08-06 10:37:32.279 DEBUG 24612 --- [XNIO-1 task-26] r.c.m.x.r.UserMapper.getUserByUserName   : ==> Parameters: student(String)
2024-08-06 10:37:32.279 DEBUG 24612 --- [XNIO-1 task-26] r.c.m.x.r.UserMapper.getUserByUserName   : <==      Total: 1
2024-08-06 10:37:32.279 DEBUG 24612 --- [XNIO-1 task-26] r.c.m.x.r.T.getByGradeLevel              : ==>  Preparing: select id, title, grade_level, frame_text_content_id, create_user, create_time, deleted, create_user_name from t_task_exam where deleted=0 and grade_level = ? 
2024-08-06 10:37:32.279 DEBUG 24612 --- [XNIO-1 task-26] r.c.m.x.r.T.getByGradeLevel              : ==> Parameters: 1(Integer)
2024-08-06 10:37:32.279 DEBUG 24612 --- [XNIO-1 task-26] r.c.m.x.r.T.getByGradeLevel              : <==      Total: 0
2024-08-06 10:37:34.118 DEBUG 24612 --- [XNIO-1 task-28] r.c.m.x.r.UserMapper.getUserByUserName   : ==>  Preparing: select id, user_uuid, user_name, password, real_name, age, sex, birth_day, user_level, phone, role, status, image_path, create_time, modify_time, last_active_time, deleted, wx_open_id from t_user where deleted=0 and user_name=? limit 1 
2024-08-06 10:37:34.118 DEBUG 24612 --- [XNIO-1 task-27] r.c.m.x.r.UserMapper.getUserByUserName   : ==>  Preparing: select id, user_uuid, user_name, password, real_name, age, sex, birth_day, user_level, phone, role, status, image_path, create_time, modify_time, last_active_time, deleted, wx_open_id from t_user where deleted=0 and user_name=? limit 1 
2024-08-06 10:37:34.118 DEBUG 24612 --- [XNIO-1 task-28] r.c.m.x.r.UserMapper.getUserByUserName   : ==> Parameters: student(String)
2024-08-06 10:37:34.118 DEBUG 24612 --- [XNIO-1 task-27] r.c.m.x.r.UserMapper.getUserByUserName   : ==> Parameters: student(String)
2024-08-06 10:37:34.119 DEBUG 24612 --- [XNIO-1 task-27] r.c.m.x.r.UserMapper.getUserByUserName   : <==      Total: 1
2024-08-06 10:37:34.119 DEBUG 24612 --- [XNIO-1 task-28] r.c.m.x.r.UserMapper.getUserByUserName   : <==      Total: 1
2024-08-06 10:37:34.119 DEBUG 24612 --- [XNIO-1 task-28] r.c.m.x.r.U.getUserEventLogByUserId      : ==>  Preparing: select id, user_id, user_name, real_name, content, create_time from t_user_event_log where user_id=? order by id desc limit 10 
2024-08-06 10:37:34.119 DEBUG 24612 --- [XNIO-1 task-28] r.c.m.x.r.U.getUserEventLogByUserId      : ==> Parameters: 1(Integer)
2024-08-06 10:37:34.122 DEBUG 24612 --- [XNIO-1 task-28] r.c.m.x.r.U.getUserEventLogByUserId      : <==      Total: 2
2024-08-06 10:37:53.924 DEBUG 24612 --- [XNIO-1 task-29] r.c.m.x.r.UserMapper.getUserByUserName   : ==>  Preparing: select id, user_uuid, user_name, password, real_name, age, sex, birth_day, user_level, phone, role, status, image_path, create_time, modify_time, last_active_time, deleted, wx_open_id from t_user where deleted=0 and user_name=? limit 1 
2024-08-06 10:37:53.924 DEBUG 24612 --- [XNIO-1 task-29] r.c.m.x.r.UserMapper.getUserByUserName   : ==> Parameters: student(String)
2024-08-06 10:37:53.924 DEBUG 24612 --- [XNIO-1 task-29] r.c.m.x.r.UserMapper.getUserByUserName   : <==      Total: 1
2024-08-06 10:37:53.924 DEBUG 24612 --- [XNIO-1 task-29] r.c.m.x.r.UserMapper.selectByPrimaryKey  : ==>  Preparing: select id, user_uuid, user_name, password, real_name, age, sex, birth_day, user_level, phone, role, status, image_path, create_time, modify_time, last_active_time, deleted, wx_open_id from t_user where id = ? 
2024-08-06 10:37:53.924 DEBUG 24612 --- [XNIO-1 task-29] r.c.m.x.r.UserMapper.selectByPrimaryKey  : ==> Parameters: 1(Integer)
2024-08-06 10:37:53.928 DEBUG 24612 --- [XNIO-1 task-29] r.c.m.x.r.UserMapper.selectByPrimaryKey  : <==      Total: 1
2024-08-06 10:37:53.931 DEBUG 24612 --- [XNIO-1 task-29] r.c.m.x.r.U.updateByPrimaryKeySelective  : ==>  Preparing: update t_user SET user_uuid = ?, user_name = ?, password = ?, real_name = ?, age = ?, sex = ?, birth_day = ?, user_level = ?, phone = ?, role = ?, status = ?, image_path = ?, create_time = ?, modify_time = ?, deleted = ? where id = ? 
2024-08-06 10:37:53.931 DEBUG 24612 --- [XNIO-1 task-29] r.c.m.x.r.U.updateByPrimaryKeySelective  : ==> Parameters: d2d29da2-dcb3-4013-b874-727626236f47(String), student(String), D1AGFL+Gx37t0NPG4d6biYP5Z31cNbwhK5w1lUeiHB2zagqbk8efYfSjYoh1Z/j1dkiRjHU+b0EpwzCh8IGsksJjzD65ci5LsnodQVf4Uj6D3pwoscXGqmkjjpzvSJbx42swwNTA+QoDU8YLo7JhtbUK2X0qCjFGpd+8eJ5BGvk=(String), 学生(String), 18(Integer), 1(Integer), 2019-09-12 00:00:00.0(Timestamp), 6(Integer), 19171171610(String), 1(Integer), 1(Integer), https://www.mindskip.net:9008/image/ba607a75-83ba-4530-8e23-660b72dc4953/头像.jpg(String), 2019-09-07 18:55:02.0(Timestamp), 2024-08-06 10:37:53.93(Timestamp), false(Boolean), 1(Integer)
2024-08-06 10:37:53.938 DEBUG 24612 --- [XNIO-1 task-29] r.c.m.x.r.U.updateByPrimaryKeySelective  : <==    Updates: 1
2024-08-06 10:37:53.938 DEBUG 24612 --- [XNIO-1 task-29] r.c.m.x.r.U.insertSelective              : ==>  Preparing: insert into t_user_event_log ( user_id, user_name, real_name, content, create_time ) values ( ?, ?, ?, ?, ? ) 
2024-08-06 10:37:53.938 DEBUG 24612 --- [XNIO-1 task-29] r.c.m.x.r.U.insertSelective              : ==> Parameters: 1(Integer), student(String), 学生(String), student 更新了个人资料(String), 2024-08-06 10:37:53.938(Timestamp)
2024-08-06 10:37:53.942 DEBUG 24612 --- [XNIO-1 task-29] r.c.m.x.r.U.insertSelective              : <==    Updates: 1
2024-08-06 12:13:42.300 DEBUG 24612 --- [XNIO-1 task-35] r.c.m.x.r.UserMapper.getUserByUserName   : ==>  Preparing: select id, user_uuid, user_name, password, real_name, age, sex, birth_day, user_level, phone, role, status, image_path, create_time, modify_time, last_active_time, deleted, wx_open_id from t_user where deleted=0 and user_name=? limit 1 
2024-08-06 12:13:42.300 DEBUG 24612 --- [XNIO-1 task-35] r.c.m.x.r.UserMapper.getUserByUserName   : ==> Parameters: admin(String)
2024-08-06 12:13:42.300 DEBUG 24612 --- [XNIO-1 task-35] r.c.m.x.r.UserMapper.getUserByUserName   : <==      Total: 1
2024-08-06 12:13:42.300 DEBUG 24612 --- [XNIO-1 task-35] r.c.m.x.r.UserMapper.getUserByUserName   : ==>  Preparing: select id, user_uuid, user_name, password, real_name, age, sex, birth_day, user_level, phone, role, status, image_path, create_time, modify_time, last_active_time, deleted, wx_open_id from t_user where deleted=0 and user_name=? limit 1 
2024-08-06 12:13:42.300 DEBUG 24612 --- [XNIO-1 task-35] r.c.m.x.r.UserMapper.getUserByUserName   : ==> Parameters: admin(String)
2024-08-06 12:13:42.300 DEBUG 24612 --- [XNIO-1 task-35] r.c.m.x.r.UserMapper.getUserByUserName   : <==      Total: 1
2024-08-06 12:13:58.369  INFO 24612 --- [Thread-7] com.zaxxer.hikari.HikariDataSource       : HikariPool-1 - Shutdown initiated...
2024-08-06 12:13:58.369  INFO 24612 --- [Thread-7] com.zaxxer.hikari.HikariDataSource       : HikariPool-1 - Shutdown completed.
2024-08-06 12:13:58.369  INFO 24612 --- [Thread-7] io.undertow.servlet                      : Destroying Spring FrameworkServlet 'dispatcherServlet'
2024-08-06 18:35:44.114  INFO 4296 --- [restartedMain] com.mindskip.xzs.XzsApplication          : Starting XzsApplication on LAPTOP-TTND96VD with PID 4296 (D:\idea_workspace\xzs-mysql\source\xzs\target\classes started by 21925 in D:\idea_workspace\xzs-mysql\source\xzs)
2024-08-06 18:35:44.115  INFO 4296 --- [restartedMain] com.mindskip.xzs.XzsApplication          : The following profiles are active: dev
2024-08-06 18:35:44.154  INFO 4296 --- [restartedMain] .e.DevToolsPropertyDefaultsPostProcessor : Devtools property defaults active! Set 'spring.devtools.add-properties' to 'false' to disable
2024-08-06 18:35:44.154  INFO 4296 --- [restartedMain] .e.DevToolsPropertyDefaultsPostProcessor : For additional web related logging consider setting the 'logging.level.web' property to 'DEBUG'
2024-08-06 18:35:46.683  WARN 4296 --- [restartedMain] io.undertow.websockets.jsr               : UT026010: Buffer pool was not set on WebSocketDeploymentInfo, the default pool will be used
2024-08-06 18:35:46.704  INFO 4296 --- [restartedMain] io.undertow.servlet                      : Initializing Spring embedded WebApplicationContext
2024-08-06 18:35:46.704  INFO 4296 --- [restartedMain] o.s.web.context.ContextLoader            : Root WebApplicationContext: initialization completed in 2550 ms
2024-08-06 18:35:47.533  INFO 4296 --- [restartedMain] o.s.s.web.DefaultSecurityFilterChain     : Creating filter chain: any request, [org.springframework.security.web.context.request.async.WebAsyncManagerIntegrationFilter@1f5612a1, org.springframework.security.web.context.SecurityContextPersistenceFilter@537bfc9b, org.springframework.security.web.header.HeaderWriterFilter@1f7695b5, org.springframework.web.filter.CorsFilter@5b660bf4, org.springframework.security.web.authentication.logout.LogoutFilter@549ada6e, com.mindskip.xzs.configuration.spring.security.RestLoginAuthenticationFilter@68573b6d, org.springframework.security.web.authentication.UsernamePasswordAuthenticationFilter@cc09f00, org.springframework.security.web.savedrequest.RequestCacheAwareFilter@3eef0447, org.springframework.security.web.servletapi.SecurityContextHolderAwareRequestFilter@16b82094, org.springframework.security.web.authentication.rememberme.RememberMeAuthenticationFilter@26ee1f49, org.springframework.security.web.authentication.AnonymousAuthenticationFilter@4265c88b, org.springframework.security.web.session.SessionManagementFilter@25955306, org.springframework.security.web.access.ExceptionTranslationFilter@2c7939b2, org.springframework.security.web.access.intercept.FilterSecurityInterceptor@216e0495]
2024-08-06 18:35:47.864  INFO 4296 --- [restartedMain] o.s.b.d.a.OptionalLiveReloadServer       : LiveReload server is running on port 35729
2024-08-06 18:35:47.917  INFO 4296 --- [restartedMain] org.xnio                                 : XNIO version 3.3.8.Final
2024-08-06 18:35:47.924  INFO 4296 --- [restartedMain] org.xnio.nio                             : XNIO NIO Implementation Version 3.3.8.Final
2024-08-06 18:35:47.992  INFO 4296 --- [restartedMain] o.s.b.w.e.u.UndertowServletWebServer     : Undertow started on port(s) 8000 (http) with context path ''
2024-08-06 18:35:47.995  INFO 4296 --- [restartedMain] com.mindskip.xzs.XzsApplication          : Started XzsApplication in 4.233 seconds (JVM running for 6.535)
2024-08-06 18:39:09.605  INFO 4296 --- [XNIO-1 task-1] io.undertow.servlet                      : Initializing Spring DispatcherServlet 'dispatcherServlet'
2024-08-06 18:39:09.605  INFO 4296 --- [XNIO-1 task-1] o.s.web.servlet.DispatcherServlet        : Initializing Servlet 'dispatcherServlet'
2024-08-06 18:39:09.608  INFO 4296 --- [XNIO-1 task-1] o.s.web.servlet.DispatcherServlet        : Completed initialization in 3 ms
2024-08-06 18:39:09.644  INFO 4296 --- [XNIO-1 task-2] com.zaxxer.hikari.HikariDataSource       : HikariPool-1 - Starting...
2024-08-06 18:39:09.751  INFO 4296 --- [XNIO-1 task-2] com.zaxxer.hikari.HikariDataSource       : HikariPool-1 - Start completed.
2024-08-06 18:39:09.765 DEBUG 4296 --- [XNIO-1 task-2] r.c.m.x.r.UserMapper.getUserByUserName   : ==>  Preparing: select id, user_uuid, user_name, password, real_name, age, sex, birth_day, user_level, phone, role, status, image_path, create_time, modify_time, last_active_time, deleted, wx_open_id from t_user where deleted=0 and user_name=? limit 1 
2024-08-06 18:39:09.765 DEBUG 4296 --- [XNIO-1 task-3] r.c.m.x.r.UserMapper.getUserByUserName   : ==>  Preparing: select id, user_uuid, user_name, password, real_name, age, sex, birth_day, user_level, phone, role, status, image_path, create_time, modify_time, last_active_time, deleted, wx_open_id from t_user where deleted=0 and user_name=? limit 1 
2024-08-06 18:39:09.765 DEBUG 4296 --- [XNIO-1 task-1] r.c.m.x.r.UserMapper.getUserByUserName   : ==>  Preparing: select id, user_uuid, user_name, password, real_name, age, sex, birth_day, user_level, phone, role, status, image_path, create_time, modify_time, last_active_time, deleted, wx_open_id from t_user where deleted=0 and user_name=? limit 1 
2024-08-06 18:39:09.765 DEBUG 4296 --- [XNIO-1 task-4] r.c.m.x.r.UserMapper.getUserByUserName   : ==>  Preparing: select id, user_uuid, user_name, password, real_name, age, sex, birth_day, user_level, phone, role, status, image_path, create_time, modify_time, last_active_time, deleted, wx_open_id from t_user where deleted=0 and user_name=? limit 1 
2024-08-06 18:39:09.786 DEBUG 4296 --- [XNIO-1 task-3] r.c.m.x.r.UserMapper.getUserByUserName   : ==> Parameters: admin(String)
2024-08-06 18:39:09.786 DEBUG 4296 --- [XNIO-1 task-1] r.c.m.x.r.UserMapper.getUserByUserName   : ==> Parameters: admin(String)
2024-08-06 18:39:09.786 DEBUG 4296 --- [XNIO-1 task-4] r.c.m.x.r.UserMapper.getUserByUserName   : ==> Parameters: admin(String)
2024-08-06 18:39:09.786 DEBUG 4296 --- [XNIO-1 task-2] r.c.m.x.r.UserMapper.getUserByUserName   : ==> Parameters: admin(String)
2024-08-06 18:39:09.848 DEBUG 4296 --- [XNIO-1 task-1] r.c.m.x.r.UserMapper.getUserByUserName   : <==      Total: 1
2024-08-06 18:39:09.848 DEBUG 4296 --- [XNIO-1 task-2] r.c.m.x.r.UserMapper.getUserByUserName   : <==      Total: 1
2024-08-06 18:39:09.848 DEBUG 4296 --- [XNIO-1 task-3] r.c.m.x.r.UserMapper.getUserByUserName   : <==      Total: 1
2024-08-06 18:39:09.848 DEBUG 4296 --- [XNIO-1 task-4] r.c.m.x.r.UserMapper.getUserByUserName   : <==      Total: 1
2024-08-06 18:39:09.855 DEBUG 4296 --- [XNIO-1 task-2] r.c.m.x.r.UserMapper.getUserByUserName   : ==>  Preparing: select id, user_uuid, user_name, password, real_name, age, sex, birth_day, user_level, phone, role, status, image_path, create_time, modify_time, last_active_time, deleted, wx_open_id from t_user where deleted=0 and user_name=? limit 1 
2024-08-06 18:39:09.855 DEBUG 4296 --- [XNIO-1 task-3] r.c.m.x.r.UserMapper.getUserByUserName   : ==>  Preparing: select id, user_uuid, user_name, password, real_name, age, sex, birth_day, user_level, phone, role, status, image_path, create_time, modify_time, last_active_time, deleted, wx_open_id from t_user where deleted=0 and user_name=? limit 1 
2024-08-06 18:39:09.855 DEBUG 4296 --- [XNIO-1 task-1] r.c.m.x.r.UserMapper.getUserByUserName   : ==>  Preparing: select id, user_uuid, user_name, password, real_name, age, sex, birth_day, user_level, phone, role, status, image_path, create_time, modify_time, last_active_time, deleted, wx_open_id from t_user where deleted=0 and user_name=? limit 1 
2024-08-06 18:39:09.855 DEBUG 4296 --- [XNIO-1 task-4] r.c.m.x.r.UserMapper.getUserByUserName   : ==>  Preparing: select id, user_uuid, user_name, password, real_name, age, sex, birth_day, user_level, phone, role, status, image_path, create_time, modify_time, last_active_time, deleted, wx_open_id from t_user where deleted=0 and user_name=? limit 1 
2024-08-06 18:39:09.855 DEBUG 4296 --- [XNIO-1 task-3] r.c.m.x.r.UserMapper.getUserByUserName   : ==> Parameters: admin(String)
2024-08-06 18:39:09.855 DEBUG 4296 --- [XNIO-1 task-2] r.c.m.x.r.UserMapper.getUserByUserName   : ==> Parameters: admin(String)
2024-08-06 18:39:09.855 DEBUG 4296 --- [XNIO-1 task-1] r.c.m.x.r.UserMapper.getUserByUserName   : ==> Parameters: admin(String)
2024-08-06 18:39:09.855 DEBUG 4296 --- [XNIO-1 task-4] r.c.m.x.r.UserMapper.getUserByUserName   : ==> Parameters: admin(String)
2024-08-06 18:39:09.862 DEBUG 4296 --- [XNIO-1 task-3] r.c.m.x.r.UserMapper.getUserByUserName   : <==      Total: 1
2024-08-06 18:39:09.862 DEBUG 4296 --- [XNIO-1 task-2] r.c.m.x.r.UserMapper.getUserByUserName   : <==      Total: 1
2024-08-06 18:39:09.862 DEBUG 4296 --- [XNIO-1 task-1] r.c.m.x.r.UserMapper.getUserByUserName   : <==      Total: 1
2024-08-06 18:39:09.862 DEBUG 4296 --- [XNIO-1 task-4] r.c.m.x.r.UserMapper.getUserByUserName   : <==      Total: 1
2024-08-06 18:39:16.771 DEBUG 4296 --- [XNIO-1 task-5] r.c.m.x.r.UserMapper.getUserByUserName   : ==>  Preparing: select id, user_uuid, user_name, password, real_name, age, sex, birth_day, user_level, phone, role, status, image_path, create_time, modify_time, last_active_time, deleted, wx_open_id from t_user where deleted=0 and user_name=? limit 1 
2024-08-06 18:39:16.772 DEBUG 4296 --- [XNIO-1 task-5] r.c.m.x.r.UserMapper.getUserByUserName   : ==> Parameters: student(String)
2024-08-06 18:39:16.772 DEBUG 4296 --- [XNIO-1 task-5] r.c.m.x.r.UserMapper.getUserByUserName   : <==      Total: 1
2024-08-06 18:39:16.772 DEBUG 4296 --- [XNIO-1 task-5] r.c.m.x.r.UserMapper.getUserByUserName   : ==>  Preparing: select id, user_uuid, user_name, password, real_name, age, sex, birth_day, user_level, phone, role, status, image_path, create_time, modify_time, last_active_time, deleted, wx_open_id from t_user where deleted=0 and user_name=? limit 1 
2024-08-06 18:39:16.772 DEBUG 4296 --- [XNIO-1 task-5] r.c.m.x.r.UserMapper.getUserByUserName   : ==> Parameters: student(String)
2024-08-06 18:39:16.772 DEBUG 4296 --- [XNIO-1 task-5] r.c.m.x.r.UserMapper.getUserByUserName   : <==      Total: 1
2024-08-06 18:39:16.785 DEBUG 4296 --- [XNIO-1 task-5] r.c.m.x.r.U.insertSelective              : ==>  Preparing: insert into t_user_event_log ( user_id, user_name, real_name, content, create_time ) values ( ?, ?, ?, ?, ? ) 
2024-08-06 18:39:16.792 DEBUG 4296 --- [XNIO-1 task-5] r.c.m.x.r.U.insertSelective              : ==> Parameters: 1(Integer), student(String), 学生(String), student 登录了学之思开源考试系统(String), 2024-08-06 18:39:16.772(Timestamp)
2024-08-06 18:39:16.806 DEBUG 4296 --- [XNIO-1 task-5] r.c.m.x.r.U.insertSelective              : <==    Updates: 1
2024-08-06 18:39:17.011 DEBUG 4296 --- [XNIO-1 task-6] r.c.m.x.r.UserMapper.getUserByUserName   : ==>  Preparing: select id, user_uuid, user_name, password, real_name, age, sex, birth_day, user_level, phone, role, status, image_path, create_time, modify_time, last_active_time, deleted, wx_open_id from t_user where deleted=0 and user_name=? limit 1 
2024-08-06 18:39:17.011 DEBUG 4296 --- [XNIO-1 task-6] r.c.m.x.r.UserMapper.getUserByUserName   : ==> Parameters: student(String)
2024-08-06 18:39:17.011 DEBUG 4296 --- [XNIO-1 task-6] r.c.m.x.r.UserMapper.getUserByUserName   : <==      Total: 1
2024-08-06 18:39:17.011 DEBUG 4296 --- [XNIO-1 task-6] r.c.m.x.r.MessageUserMapper.unReadCount  : ==>  Preparing: select count(*) from t_message_user where readed='f' and receive_user_id = ? 
2024-08-06 18:39:17.011 DEBUG 4296 --- [XNIO-1 task-6] r.c.m.x.r.MessageUserMapper.unReadCount  : ==> Parameters: 1(Integer)
2024-08-06 18:39:17.015 DEBUG 4296 --- [XNIO-1 task-6] r.c.m.x.r.MessageUserMapper.unReadCount  : <==      Total: 1
2024-08-06 18:39:17.174 DEBUG 4296 --- [XNIO-1 task-9] r.c.m.x.r.UserMapper.getUserByUserName   : ==>  Preparing: select id, user_uuid, user_name, password, real_name, age, sex, birth_day, user_level, phone, role, status, image_path, create_time, modify_time, last_active_time, deleted, wx_open_id from t_user where deleted=0 and user_name=? limit 1 
2024-08-06 18:39:17.174 DEBUG 4296 --- [XNIO-1 task-9] r.c.m.x.r.UserMapper.getUserByUserName   : ==> Parameters: student(String)
2024-08-06 18:39:17.174 DEBUG 4296 --- [XNIO-1 task-8] r.c.m.x.r.UserMapper.getUserByUserName   : ==>  Preparing: select id, user_uuid, user_name, password, real_name, age, sex, birth_day, user_level, phone, role, status, image_path, create_time, modify_time, last_active_time, deleted, wx_open_id from t_user where deleted=0 and user_name=? limit 1 
2024-08-06 18:39:17.174 DEBUG 4296 --- [XNIO-1 task-8] r.c.m.x.r.UserMapper.getUserByUserName   : ==> Parameters: student(String)
2024-08-06 18:39:17.174 DEBUG 4296 --- [XNIO-1 task-7] r.c.m.x.r.UserMapper.getUserByUserName   : ==>  Preparing: select id, user_uuid, user_name, password, real_name, age, sex, birth_day, user_level, phone, role, status, image_path, create_time, modify_time, last_active_time, deleted, wx_open_id from t_user where deleted=0 and user_name=? limit 1 
2024-08-06 18:39:17.174 DEBUG 4296 --- [XNIO-1 task-7] r.c.m.x.r.UserMapper.getUserByUserName   : ==> Parameters: student(String)
2024-08-06 18:39:17.181 DEBUG 4296 --- [XNIO-1 task-9] r.c.m.x.r.UserMapper.getUserByUserName   : <==      Total: 1
2024-08-06 18:39:17.181 DEBUG 4296 --- [XNIO-1 task-7] r.c.m.x.r.UserMapper.getUserByUserName   : <==      Total: 1
2024-08-06 18:39:17.181 DEBUG 4296 --- [XNIO-1 task-8] r.c.m.x.r.UserMapper.getUserByUserName   : <==      Total: 1
2024-08-06 18:39:17.181 DEBUG 4296 --- [XNIO-1 task-8] r.c.m.x.r.T.getByGradeLevel              : ==>  Preparing: select id, title, grade_level, frame_text_content_id, create_user, create_time, deleted, create_user_name from t_task_exam where deleted=0 and grade_level = ? 
2024-08-06 18:39:17.181 DEBUG 4296 --- [XNIO-1 task-8] r.c.m.x.r.T.getByGradeLevel              : ==> Parameters: 6(Integer)
2024-08-06 18:39:17.181 DEBUG 4296 --- [XNIO-1 task-8] r.c.m.x.r.T.getByGradeLevel              : <==      Total: 0
2024-08-06 18:39:17.181 DEBUG 4296 --- [XNIO-1 task-7] r.c.m.x.r.ExamPaperMapper.indexPaper     : ==>  Preparing: SELECT id,name,limit_start_time,limit_end_time FROM t_exam_paper WHERE deleted=0 and paper_type= ? and grade_level=? ORDER BY id desc limit 5 
2024-08-06 18:39:17.181 DEBUG 4296 --- [XNIO-1 task-7] r.c.m.x.r.ExamPaperMapper.indexPaper     : ==> Parameters: 1(Integer), 6(Integer)
2024-08-06 18:39:17.181 DEBUG 4296 --- [XNIO-1 task-7] r.c.m.x.r.ExamPaperMapper.indexPaper     : <==      Total: 0
2024-08-06 18:39:17.181 DEBUG 4296 --- [XNIO-1 task-7] r.c.m.x.r.ExamPaperMapper.indexPaper     : ==>  Preparing: SELECT id,name,limit_start_time,limit_end_time FROM t_exam_paper WHERE deleted=0 and paper_type= ? and grade_level=? and ? between limit_start_time and limit_end_time ORDER BY id desc limit 5 
2024-08-06 18:39:17.181 DEBUG 4296 --- [XNIO-1 task-7] r.c.m.x.r.ExamPaperMapper.indexPaper     : ==> Parameters: 4(Integer), 6(Integer), 2024-08-06 18:39:17.181(Timestamp)
2024-08-06 18:39:17.181 DEBUG 4296 --- [XNIO-1 task-7] r.c.m.x.r.ExamPaperMapper.indexPaper     : <==      Total: 0
2024-08-06 18:39:50.084  INFO 4296 --- [Thread-7] com.zaxxer.hikari.HikariDataSource       : HikariPool-1 - Shutdown initiated...
2024-08-06 18:39:50.090  INFO 4296 --- [Thread-7] com.zaxxer.hikari.HikariDataSource       : HikariPool-1 - Shutdown completed.
2024-08-06 18:39:50.091  INFO 4296 --- [Thread-7] io.undertow.servlet                      : Destroying Spring FrameworkServlet 'dispatcherServlet'
2024-08-06 18:39:52.286  INFO 5316 --- [restartedMain] com.mindskip.xzs.XzsApplication          : Starting XzsApplication on LAPTOP-TTND96VD with PID 5316 (D:\idea_workspace\xzs-mysql\source\xzs\target\classes started by 21925 in D:\idea_workspace\xzs-mysql\source\xzs)
2024-08-06 18:39:52.288  INFO 5316 --- [restartedMain] com.mindskip.xzs.XzsApplication          : The following profiles are active: dev
2024-08-06 18:39:52.325  INFO 5316 --- [restartedMain] .e.DevToolsPropertyDefaultsPostProcessor : Devtools property defaults active! Set 'spring.devtools.add-properties' to 'false' to disable
2024-08-06 18:39:52.325  INFO 5316 --- [restartedMain] .e.DevToolsPropertyDefaultsPostProcessor : For additional web related logging consider setting the 'logging.level.web' property to 'DEBUG'
2024-08-06 18:39:53.209  WARN 5316 --- [restartedMain] io.undertow.websockets.jsr               : UT026010: Buffer pool was not set on WebSocketDeploymentInfo, the default pool will be used
2024-08-06 18:39:53.222  INFO 5316 --- [restartedMain] io.undertow.servlet                      : Initializing Spring embedded WebApplicationContext
2024-08-06 18:39:53.223  INFO 5316 --- [restartedMain] o.s.web.context.ContextLoader            : Root WebApplicationContext: initialization completed in 897 ms
2024-08-06 18:39:53.858  INFO 5316 --- [restartedMain] o.s.s.web.DefaultSecurityFilterChain     : Creating filter chain: any request, [org.springframework.security.web.context.request.async.WebAsyncManagerIntegrationFilter@3ff4f183, org.springframework.security.web.context.SecurityContextPersistenceFilter@2e5b515c, org.springframework.security.web.header.HeaderWriterFilter@3965add0, org.springframework.web.filter.CorsFilter@7d3baae8, org.springframework.security.web.authentication.logout.LogoutFilter@2be17bca, com.mindskip.xzs.configuration.spring.security.RestLoginAuthenticationFilter@4d7d036b, org.springframework.security.web.authentication.UsernamePasswordAuthenticationFilter@667c513e, org.springframework.security.web.savedrequest.RequestCacheAwareFilter@2a9f1dd8, org.springframework.security.web.servletapi.SecurityContextHolderAwareRequestFilter@4480c397, org.springframework.security.web.authentication.rememberme.RememberMeAuthenticationFilter@65e3a66e, org.springframework.security.web.authentication.AnonymousAuthenticationFilter@78df4cfd, org.springframework.security.web.session.SessionManagementFilter@5fa666a6, org.springframework.security.web.access.ExceptionTranslationFilter@1d9bb265, org.springframework.security.web.access.intercept.FilterSecurityInterceptor@15b52c2f]
2024-08-06 18:39:54.105  INFO 5316 --- [restartedMain] o.s.b.d.a.OptionalLiveReloadServer       : LiveReload server is running on port 35729
2024-08-06 18:39:54.163  INFO 5316 --- [restartedMain] org.xnio                                 : XNIO version 3.3.8.Final
2024-08-06 18:39:54.168  INFO 5316 --- [restartedMain] org.xnio.nio                             : XNIO NIO Implementation Version 3.3.8.Final
2024-08-06 18:39:54.236  INFO 5316 --- [restartedMain] o.s.b.w.e.u.UndertowServletWebServer     : Undertow started on port(s) 8000 (http) with context path ''
2024-08-06 18:39:54.239  INFO 5316 --- [restartedMain] com.mindskip.xzs.XzsApplication          : Started XzsApplication in 2.293 seconds (JVM running for 2.778)
2024-08-06 18:40:01.565  INFO 5316 --- [XNIO-1 task-1] io.undertow.servlet                      : Initializing Spring DispatcherServlet 'dispatcherServlet'
2024-08-06 18:40:01.565  INFO 5316 --- [XNIO-1 task-1] o.s.web.servlet.DispatcherServlet        : Initializing Servlet 'dispatcherServlet'
2024-08-06 18:40:01.570  INFO 5316 --- [XNIO-1 task-1] o.s.web.servlet.DispatcherServlet        : Completed initialization in 5 ms
2024-08-06 18:40:01.595  INFO 5316 --- [XNIO-1 task-1] com.zaxxer.hikari.HikariDataSource       : HikariPool-1 - Starting...
2024-08-06 18:40:01.678  INFO 5316 --- [XNIO-1 task-1] com.zaxxer.hikari.HikariDataSource       : HikariPool-1 - Start completed.
2024-08-06 18:40:01.684 DEBUG 5316 --- [XNIO-1 task-1] r.c.m.x.r.UserMapper.getUserByUserName   : ==>  Preparing: select id, user_uuid, user_name, password, real_name, age, sex, birth_day, user_level, phone, role, status, image_path, create_time, modify_time, last_active_time, deleted, wx_open_id from t_user where deleted=0 and user_name=? limit 1 
2024-08-06 18:40:01.700 DEBUG 5316 --- [XNIO-1 task-1] r.c.m.x.r.UserMapper.getUserByUserName   : ==> Parameters: student(String)
2024-08-06 18:40:01.716 DEBUG 5316 --- [XNIO-1 task-1] r.c.m.x.r.UserMapper.getUserByUserName   : <==      Total: 1
2024-08-06 18:40:01.730 DEBUG 5316 --- [XNIO-1 task-1] r.c.m.x.r.U.insertSelective              : ==>  Preparing: insert into t_user_event_log ( user_id, user_name, real_name, content, create_time ) values ( ?, ?, ?, ?, ? ) 
2024-08-06 18:40:01.733 DEBUG 5316 --- [XNIO-1 task-1] r.c.m.x.r.U.insertSelective              : ==> Parameters: 1(Integer), student(String), 学生(String), student 登出了学之思开源考试系统(String), 2024-08-06 18:40:01.718(Timestamp)
2024-08-06 18:40:01.741 DEBUG 5316 --- [XNIO-1 task-1] r.c.m.x.r.U.insertSelective              : <==    Updates: 1
2024-08-06 18:40:12.257 DEBUG 5316 --- [XNIO-1 task-2] r.c.m.x.r.UserMapper.getUserByUserName   : ==>  Preparing: select id, user_uuid, user_name, password, real_name, age, sex, birth_day, user_level, phone, role, status, image_path, create_time, modify_time, last_active_time, deleted, wx_open_id from t_user where deleted=0 and user_name=? limit 1 
2024-08-06 18:40:12.257 DEBUG 5316 --- [XNIO-1 task-2] r.c.m.x.r.UserMapper.getUserByUserName   : ==> Parameters: student(String)
2024-08-06 18:40:12.257 DEBUG 5316 --- [XNIO-1 task-2] r.c.m.x.r.UserMapper.getUserByUserName   : <==      Total: 1
2024-08-06 18:40:12.278 DEBUG 5316 --- [XNIO-1 task-2] r.c.m.x.r.UserMapper.getUserByUserName   : ==>  Preparing: select id, user_uuid, user_name, password, real_name, age, sex, birth_day, user_level, phone, role, status, image_path, create_time, modify_time, last_active_time, deleted, wx_open_id from t_user where deleted=0 and user_name=? limit 1 
2024-08-06 18:40:12.278 DEBUG 5316 --- [XNIO-1 task-2] r.c.m.x.r.UserMapper.getUserByUserName   : ==> Parameters: student(String)
2024-08-06 18:40:12.278 DEBUG 5316 --- [XNIO-1 task-2] r.c.m.x.r.UserMapper.getUserByUserName   : <==      Total: 1
2024-08-06 18:40:14.078 DEBUG 5316 --- [XNIO-1 task-3] r.c.m.x.r.UserMapper.getUserByUserName   : ==>  Preparing: select id, user_uuid, user_name, password, real_name, age, sex, birth_day, user_level, phone, role, status, image_path, create_time, modify_time, last_active_time, deleted, wx_open_id from t_user where deleted=0 and user_name=? limit 1 
2024-08-06 18:40:14.079 DEBUG 5316 --- [XNIO-1 task-3] r.c.m.x.r.UserMapper.getUserByUserName   : ==> Parameters: student(String)
2024-08-06 18:40:14.079 DEBUG 5316 --- [XNIO-1 task-3] r.c.m.x.r.UserMapper.getUserByUserName   : <==      Total: 1
2024-08-06 18:40:14.083 DEBUG 5316 --- [XNIO-1 task-3] r.c.m.x.r.UserMapper.getUserByUserName   : ==>  Preparing: select id, user_uuid, user_name, password, real_name, age, sex, birth_day, user_level, phone, role, status, image_path, create_time, modify_time, last_active_time, deleted, wx_open_id from t_user where deleted=0 and user_name=? limit 1 
2024-08-06 18:40:14.083 DEBUG 5316 --- [XNIO-1 task-3] r.c.m.x.r.UserMapper.getUserByUserName   : ==> Parameters: student(String)
2024-08-06 18:40:14.084 DEBUG 5316 --- [XNIO-1 task-3] r.c.m.x.r.UserMapper.getUserByUserName   : <==      Total: 1
2024-08-06 18:40:14.084 DEBUG 5316 --- [XNIO-1 task-3] r.c.m.x.r.U.insertSelective              : ==>  Preparing: insert into t_user_event_log ( user_id, user_name, real_name, content, create_time ) values ( ?, ?, ?, ?, ? ) 
2024-08-06 18:40:14.084 DEBUG 5316 --- [XNIO-1 task-3] r.c.m.x.r.U.insertSelective              : ==> Parameters: 1(Integer), student(String), 学生(String), student 登录了学之思开源考试系统(String), 2024-08-06 18:40:14.084(Timestamp)
2024-08-06 18:40:14.084 DEBUG 5316 --- [XNIO-1 task-3] r.c.m.x.r.U.insertSelective              : <==    Updates: 1
2024-08-06 18:40:14.466 DEBUG 5316 --- [XNIO-1 task-6] r.c.m.x.r.UserMapper.getUserByUserName   : ==>  Preparing: select id, user_uuid, user_name, password, real_name, age, sex, birth_day, user_level, phone, role, status, image_path, create_time, modify_time, last_active_time, deleted, wx_open_id from t_user where deleted=0 and user_name=? limit 1 
2024-08-06 18:40:14.466 DEBUG 5316 --- [XNIO-1 task-5] r.c.m.x.r.UserMapper.getUserByUserName   : ==>  Preparing: select id, user_uuid, user_name, password, real_name, age, sex, birth_day, user_level, phone, role, status, image_path, create_time, modify_time, last_active_time, deleted, wx_open_id from t_user where deleted=0 and user_name=? limit 1 
2024-08-06 18:40:14.466 DEBUG 5316 --- [XNIO-1 task-4] r.c.m.x.r.UserMapper.getUserByUserName   : ==>  Preparing: select id, user_uuid, user_name, password, real_name, age, sex, birth_day, user_level, phone, role, status, image_path, create_time, modify_time, last_active_time, deleted, wx_open_id from t_user where deleted=0 and user_name=? limit 1 
2024-08-06 18:40:14.471 DEBUG 5316 --- [XNIO-1 task-7] r.c.m.x.r.UserMapper.getUserByUserName   : ==>  Preparing: select id, user_uuid, user_name, password, real_name, age, sex, birth_day, user_level, phone, role, status, image_path, create_time, modify_time, last_active_time, deleted, wx_open_id from t_user where deleted=0 and user_name=? limit 1 
2024-08-06 18:40:14.471 DEBUG 5316 --- [XNIO-1 task-6] r.c.m.x.r.UserMapper.getUserByUserName   : ==> Parameters: student(String)
2024-08-06 18:40:14.471 DEBUG 5316 --- [XNIO-1 task-4] r.c.m.x.r.UserMapper.getUserByUserName   : ==> Parameters: student(String)
2024-08-06 18:40:14.471 DEBUG 5316 --- [XNIO-1 task-5] r.c.m.x.r.UserMapper.getUserByUserName   : ==> Parameters: student(String)
2024-08-06 18:40:14.471 DEBUG 5316 --- [XNIO-1 task-7] r.c.m.x.r.UserMapper.getUserByUserName   : ==> Parameters: student(String)
2024-08-06 18:40:14.472 DEBUG 5316 --- [XNIO-1 task-4] r.c.m.x.r.UserMapper.getUserByUserName   : <==      Total: 1
2024-08-06 18:40:14.472 DEBUG 5316 --- [XNIO-1 task-7] r.c.m.x.r.UserMapper.getUserByUserName   : <==      Total: 1
2024-08-06 18:40:14.472 DEBUG 5316 --- [XNIO-1 task-6] r.c.m.x.r.UserMapper.getUserByUserName   : <==      Total: 1
2024-08-06 18:40:14.472 DEBUG 5316 --- [XNIO-1 task-5] r.c.m.x.r.UserMapper.getUserByUserName   : <==      Total: 1
2024-08-06 18:40:14.472 DEBUG 5316 --- [XNIO-1 task-7] r.c.m.x.r.T.getByGradeLevel              : ==>  Preparing: select id, title, grade_level, frame_text_content_id, create_user, create_time, deleted, create_user_name from t_task_exam where deleted=0 and grade_level = ? 
2024-08-06 18:40:14.472 DEBUG 5316 --- [XNIO-1 task-4] r.c.m.x.r.MessageUserMapper.unReadCount  : ==>  Preparing: select count(*) from t_message_user where readed='f' and receive_user_id = ? 
2024-08-06 18:40:14.472 DEBUG 5316 --- [XNIO-1 task-7] r.c.m.x.r.T.getByGradeLevel              : ==> Parameters: 6(Integer)
2024-08-06 18:40:14.472 DEBUG 5316 --- [XNIO-1 task-4] r.c.m.x.r.MessageUserMapper.unReadCount  : ==> Parameters: 1(Integer)
2024-08-06 18:40:14.472 DEBUG 5316 --- [XNIO-1 task-7] r.c.m.x.r.T.getByGradeLevel              : <==      Total: 0
2024-08-06 18:40:14.472 DEBUG 5316 --- [XNIO-1 task-4] r.c.m.x.r.MessageUserMapper.unReadCount  : <==      Total: 1
2024-08-06 18:40:14.472 DEBUG 5316 --- [XNIO-1 task-6] r.c.m.x.r.ExamPaperMapper.indexPaper     : ==>  Preparing: SELECT id,name,limit_start_time,limit_end_time FROM t_exam_paper WHERE deleted=0 and paper_type= ? and grade_level=? ORDER BY id desc limit 5 
2024-08-06 18:40:14.472 DEBUG 5316 --- [XNIO-1 task-6] r.c.m.x.r.ExamPaperMapper.indexPaper     : ==> Parameters: 1(Integer), 6(Integer)
2024-08-06 18:40:14.472 DEBUG 5316 --- [XNIO-1 task-6] r.c.m.x.r.ExamPaperMapper.indexPaper     : <==      Total: 0
2024-08-06 18:40:14.472 DEBUG 5316 --- [XNIO-1 task-6] r.c.m.x.r.ExamPaperMapper.indexPaper     : ==>  Preparing: SELECT id,name,limit_start_time,limit_end_time FROM t_exam_paper WHERE deleted=0 and paper_type= ? and grade_level=? and ? between limit_start_time and limit_end_time ORDER BY id desc limit 5 
2024-08-06 18:40:14.472 DEBUG 5316 --- [XNIO-1 task-6] r.c.m.x.r.ExamPaperMapper.indexPaper     : ==> Parameters: 4(Integer), 6(Integer), 2024-08-06 18:40:14.472(Timestamp)
2024-08-06 18:40:14.472 DEBUG 5316 --- [XNIO-1 task-6] r.c.m.x.r.ExamPaperMapper.indexPaper     : <==      Total: 0
2024-08-06 18:40:17.497 DEBUG 5316 --- [XNIO-1 task-8] r.c.m.x.r.UserMapper.getUserByUserName   : ==>  Preparing: select id, user_uuid, user_name, password, real_name, age, sex, birth_day, user_level, phone, role, status, image_path, create_time, modify_time, last_active_time, deleted, wx_open_id from t_user where deleted=0 and user_name=? limit 1 
2024-08-06 18:40:17.497 DEBUG 5316 --- [XNIO-1 task-8] r.c.m.x.r.UserMapper.getUserByUserName   : ==> Parameters: student(String)
2024-08-06 18:40:17.501 DEBUG 5316 --- [XNIO-1 task-8] r.c.m.x.r.UserMapper.getUserByUserName   : <==      Total: 1
2024-08-06 18:40:17.501 DEBUG 5316 --- [XNIO-1 task-8] r.c.m.x.r.S.getSubjectByLevel            : ==>  Preparing: select id, name, level, level_name, item_order, deleted from t_subject where level= ? order by item_order 
2024-08-06 18:40:17.501 DEBUG 5316 --- [XNIO-1 task-8] r.c.m.x.r.S.getSubjectByLevel            : ==> Parameters: 6(Integer)
2024-08-06 18:40:17.501 DEBUG 5316 --- [XNIO-1 task-8] r.c.m.x.r.S.getSubjectByLevel            : <==      Total: 0
2024-08-06 18:40:18.514 DEBUG 5316 --- [XNIO-1 task-9] r.c.m.x.r.UserMapper.getUserByUserName   : ==>  Preparing: select id, user_uuid, user_name, password, real_name, age, sex, birth_day, user_level, phone, role, status, image_path, create_time, modify_time, last_active_time, deleted, wx_open_id from t_user where deleted=0 and user_name=? limit 1 
2024-08-06 18:40:18.514 DEBUG 5316 --- [XNIO-1 task-9] r.c.m.x.r.UserMapper.getUserByUserName   : ==> Parameters: student(String)
2024-08-06 18:40:18.514 DEBUG 5316 --- [XNIO-1 task-9] r.c.m.x.r.UserMapper.getUserByUserName   : <==      Total: 1
2024-08-06 18:40:18.533 DEBUG 5316 --- [XNIO-1 task-9] r.c.m.x.r.E.studentPage_COUNT            : ==>  Preparing: SELECT count(0) FROM t_exam_paper_answer WHERE create_user = ? 
2024-08-06 18:40:18.543 DEBUG 5316 --- [XNIO-1 task-9] r.c.m.x.r.E.studentPage_COUNT            : ==> Parameters: 1(Integer)
2024-08-06 18:40:18.543 DEBUG 5316 --- [XNIO-1 task-9] r.c.m.x.r.E.studentPage_COUNT            : <==      Total: 1
2024-08-06 18:40:21.486 DEBUG 5316 --- [XNIO-1 task-10] r.c.m.x.r.UserMapper.getUserByUserName   : ==>  Preparing: select id, user_uuid, user_name, password, real_name, age, sex, birth_day, user_level, phone, role, status, image_path, create_time, modify_time, last_active_time, deleted, wx_open_id from t_user where deleted=0 and user_name=? limit 1 
2024-08-06 18:40:21.486 DEBUG 5316 --- [XNIO-1 task-10] r.c.m.x.r.UserMapper.getUserByUserName   : ==> Parameters: student(String)
2024-08-06 18:40:21.486 DEBUG 5316 --- [XNIO-1 task-10] r.c.m.x.r.UserMapper.getUserByUserName   : <==      Total: 1
2024-08-06 18:40:21.492 DEBUG 5316 --- [XNIO-1 task-10] r.c.m.x.r.E.studentPage_COUNT            : ==>  Preparing: SELECT count(0) FROM t_exam_paper_question_customer_answer WHERE do_right = FALSE AND create_user = ? 
2024-08-06 18:40:21.492 DEBUG 5316 --- [XNIO-1 task-10] r.c.m.x.r.E.studentPage_COUNT            : ==> Parameters: 1(Integer)
2024-08-06 18:40:21.492 DEBUG 5316 --- [XNIO-1 task-10] r.c.m.x.r.E.studentPage_COUNT            : <==      Total: 1
2024-08-06 18:40:24.044 DEBUG 5316 --- [XNIO-1 task-11] r.c.m.x.r.UserMapper.getUserByUserName   : ==>  Preparing: select id, user_uuid, user_name, password, real_name, age, sex, birth_day, user_level, phone, role, status, image_path, create_time, modify_time, last_active_time, deleted, wx_open_id from t_user where deleted=0 and user_name=? limit 1 
2024-08-06 18:40:24.044 DEBUG 5316 --- [XNIO-1 task-11] r.c.m.x.r.UserMapper.getUserByUserName   : ==> Parameters: student(String)
2024-08-06 18:40:24.044 DEBUG 5316 --- [XNIO-1 task-11] r.c.m.x.r.UserMapper.getUserByUserName   : <==      Total: 1
2024-08-06 18:40:24.047 DEBUG 5316 --- [XNIO-1 task-11] r.c.m.x.r.ExamPaperMapper.indexPaper     : ==>  Preparing: SELECT id,name,limit_start_time,limit_end_time FROM t_exam_paper WHERE deleted=0 and paper_type= ? and grade_level=? ORDER BY id desc limit 5 
2024-08-06 18:40:24.047 DEBUG 5316 --- [XNIO-1 task-11] r.c.m.x.r.ExamPaperMapper.indexPaper     : ==> Parameters: 1(Integer), 6(Integer)
2024-08-06 18:40:24.048 DEBUG 5316 --- [XNIO-1 task-11] r.c.m.x.r.ExamPaperMapper.indexPaper     : <==      Total: 0
2024-08-06 18:40:24.048 DEBUG 5316 --- [XNIO-1 task-11] r.c.m.x.r.ExamPaperMapper.indexPaper     : ==>  Preparing: SELECT id,name,limit_start_time,limit_end_time FROM t_exam_paper WHERE deleted=0 and paper_type= ? and grade_level=? and ? between limit_start_time and limit_end_time ORDER BY id desc limit 5 
2024-08-06 18:40:24.049 DEBUG 5316 --- [XNIO-1 task-11] r.c.m.x.r.ExamPaperMapper.indexPaper     : ==> Parameters: 4(Integer), 6(Integer), 2024-08-06 18:40:24.048(Timestamp)
2024-08-06 18:40:24.050 DEBUG 5316 --- [XNIO-1 task-11] r.c.m.x.r.ExamPaperMapper.indexPaper     : <==      Total: 0
2024-08-06 18:40:24.334 DEBUG 5316 --- [XNIO-1 task-12] r.c.m.x.r.UserMapper.getUserByUserName   : ==>  Preparing: select id, user_uuid, user_name, password, real_name, age, sex, birth_day, user_level, phone, role, status, image_path, create_time, modify_time, last_active_time, deleted, wx_open_id from t_user where deleted=0 and user_name=? limit 1 
2024-08-06 18:40:24.334 DEBUG 5316 --- [XNIO-1 task-12] r.c.m.x.r.UserMapper.getUserByUserName   : ==> Parameters: student(String)
2024-08-06 18:40:24.334 DEBUG 5316 --- [XNIO-1 task-12] r.c.m.x.r.UserMapper.getUserByUserName   : <==      Total: 1
2024-08-06 18:40:24.339 DEBUG 5316 --- [XNIO-1 task-12] r.c.m.x.r.T.getByGradeLevel              : ==>  Preparing: select id, title, grade_level, frame_text_content_id, create_user, create_time, deleted, create_user_name from t_task_exam where deleted=0 and grade_level = ? 
2024-08-06 18:40:24.339 DEBUG 5316 --- [XNIO-1 task-12] r.c.m.x.r.T.getByGradeLevel              : ==> Parameters: 6(Integer)
2024-08-06 18:40:24.340 DEBUG 5316 --- [XNIO-1 task-12] r.c.m.x.r.T.getByGradeLevel              : <==      Total: 0
2024-08-06 18:42:06.248 DEBUG 5316 --- [XNIO-1 task-14] r.c.m.x.r.UserMapper.getUserByUserName   : ==>  Preparing: select id, user_uuid, user_name, password, real_name, age, sex, birth_day, user_level, phone, role, status, image_path, create_time, modify_time, last_active_time, deleted, wx_open_id from t_user where deleted=0 and user_name=? limit 1 
2024-08-06 18:42:06.248 DEBUG 5316 --- [XNIO-1 task-14] r.c.m.x.r.UserMapper.getUserByUserName   : ==> Parameters: admin(String)
2024-08-06 18:42:06.248 DEBUG 5316 --- [XNIO-1 task-14] r.c.m.x.r.UserMapper.getUserByUserName   : <==      Total: 1
2024-08-06 18:42:06.254 DEBUG 5316 --- [XNIO-1 task-14] r.c.m.x.r.UserMapper.getUserByUserName   : ==>  Preparing: select id, user_uuid, user_name, password, real_name, age, sex, birth_day, user_level, phone, role, status, image_path, create_time, modify_time, last_active_time, deleted, wx_open_id from t_user where deleted=0 and user_name=? limit 1 
2024-08-06 18:42:06.254 DEBUG 5316 --- [XNIO-1 task-14] r.c.m.x.r.UserMapper.getUserByUserName   : ==> Parameters: admin(String)
2024-08-06 18:42:06.254 DEBUG 5316 --- [XNIO-1 task-14] r.c.m.x.r.UserMapper.getUserByUserName   : <==      Total: 1
2024-08-06 18:42:06.257 DEBUG 5316 --- [XNIO-1 task-14] r.c.m.x.r.UserMapper.getUserByUserName   : ==>  Preparing: select id, user_uuid, user_name, password, real_name, age, sex, birth_day, user_level, phone, role, status, image_path, create_time, modify_time, last_active_time, deleted, wx_open_id from t_user where deleted=0 and user_name=? limit 1 
2024-08-06 18:42:06.257 DEBUG 5316 --- [XNIO-1 task-14] r.c.m.x.r.UserMapper.getUserByUserName   : ==> Parameters: admin(String)
2024-08-06 18:42:06.257 DEBUG 5316 --- [XNIO-1 task-14] r.c.m.x.r.UserMapper.getUserByUserName   : <==      Total: 1
2024-08-06 18:42:06.257 DEBUG 5316 --- [XNIO-1 task-14] r.c.m.x.r.U.insertSelective              : ==>  Preparing: insert into t_user_event_log ( user_id, user_name, real_name, content, create_time ) values ( ?, ?, ?, ?, ? ) 
2024-08-06 18:42:06.257 DEBUG 5316 --- [XNIO-1 task-14] r.c.m.x.r.U.insertSelective              : ==> Parameters: 2(Integer), admin(String), 管理员(String), admin 登录了学之思开源考试系统(String), 2024-08-06 18:42:06.257(Timestamp)
2024-08-06 18:42:06.263 DEBUG 5316 --- [XNIO-1 task-14] r.c.m.x.r.U.insertSelective              : <==    Updates: 1
2024-08-06 18:42:06.519 DEBUG 5316 --- [XNIO-1 task-15] r.c.m.x.r.E.selectAllCount               : ==>  Preparing: SELECT count(*) from t_exam_paper where deleted=0 
2024-08-06 18:42:06.519 DEBUG 5316 --- [XNIO-1 task-15] r.c.m.x.r.E.selectAllCount               : ==> Parameters: 
2024-08-06 18:42:06.519 DEBUG 5316 --- [XNIO-1 task-15] r.c.m.x.r.E.selectAllCount               : <==      Total: 1
2024-08-06 18:42:06.519 DEBUG 5316 --- [XNIO-1 task-15] r.c.m.x.r.QuestionMapper.selectAllCount  : ==>  Preparing: SELECT count(*) from t_question where deleted=0 
2024-08-06 18:42:06.519 DEBUG 5316 --- [XNIO-1 task-15] r.c.m.x.r.QuestionMapper.selectAllCount  : ==> Parameters: 
2024-08-06 18:42:06.525 DEBUG 5316 --- [XNIO-1 task-15] r.c.m.x.r.QuestionMapper.selectAllCount  : <==      Total: 1
2024-08-06 18:42:06.526 DEBUG 5316 --- [XNIO-1 task-15] r.c.m.x.r.E.selectAllCount               : ==>  Preparing: SELECT count(*) from t_exam_paper_answer 
2024-08-06 18:42:06.526 DEBUG 5316 --- [XNIO-1 task-15] r.c.m.x.r.E.selectAllCount               : ==> Parameters: 
2024-08-06 18:42:06.526 DEBUG 5316 --- [XNIO-1 task-15] r.c.m.x.r.E.selectAllCount               : <==      Total: 1
2024-08-06 18:42:06.526 DEBUG 5316 --- [XNIO-1 task-15] r.c.m.x.r.E.selectAllCount               : ==>  Preparing: SELECT count(*) from t_exam_paper_question_customer_answer 
2024-08-06 18:42:06.528 DEBUG 5316 --- [XNIO-1 task-15] r.c.m.x.r.E.selectAllCount               : ==> Parameters: 
2024-08-06 18:42:06.528 DEBUG 5316 --- [XNIO-1 task-15] r.c.m.x.r.E.selectAllCount               : <==      Total: 1
2024-08-06 18:42:06.528 DEBUG 5316 --- [XNIO-1 task-15] r.c.m.x.r.U.selectCountByDate            : ==>  Preparing: SELECT create_time as name,COUNT(create_time) as value from ( SELECT DATE_FORMAT(create_time,'%Y-%m-%d') as create_time from t_user_event_log WHERE create_time between ? and ? ) a GROUP BY create_time 
2024-08-06 18:42:06.528 DEBUG 5316 --- [XNIO-1 task-15] r.c.m.x.r.U.selectCountByDate            : ==> Parameters: 2024-08-01 00:00:00.0(Timestamp), 2024-08-31 23:59:59.0(Timestamp)
2024-08-06 18:42:06.534 DEBUG 5316 --- [XNIO-1 task-15] r.c.m.x.r.U.selectCountByDate            : <==      Total: 2
2024-08-06 18:42:06.536 DEBUG 5316 --- [XNIO-1 task-15] r.c.m.x.r.E.selectCountByDate            : ==>  Preparing: SELECT create_time as name,COUNT(create_time) as value from ( SELECT DATE_FORMAT(create_time,'%Y-%m-%d') as create_time from t_exam_paper_question_customer_answer WHERE create_time between ? and ? ) a GROUP BY create_time 
2024-08-06 18:42:06.536 DEBUG 5316 --- [XNIO-1 task-15] r.c.m.x.r.E.selectCountByDate            : ==> Parameters: 2024-08-01 00:00:00.0(Timestamp), 2024-08-31 23:59:59.0(Timestamp)
2024-08-06 18:42:06.537 DEBUG 5316 --- [XNIO-1 task-15] r.c.m.x.r.E.selectCountByDate            : <==      Total: 0
2024-08-06 18:42:14.611 DEBUG 5316 --- [XNIO-1 task-16] r.c.m.x.r.UserMapper.userPage_COUNT      : ==>  Preparing: SELECT count(0) FROM t_user WHERE deleted = 0 AND role = ? 
2024-08-06 18:42:14.611 DEBUG 5316 --- [XNIO-1 task-16] r.c.m.x.r.UserMapper.userPage_COUNT      : ==> Parameters: 1(Integer)
2024-08-06 18:42:14.612 DEBUG 5316 --- [XNIO-1 task-16] r.c.m.x.r.UserMapper.userPage_COUNT      : <==      Total: 1
2024-08-06 18:42:14.615 DEBUG 5316 --- [XNIO-1 task-16] r.c.m.x.repository.UserMapper.userPage   : ==>  Preparing: SELECT id, user_uuid, user_name, password, real_name, age, sex, birth_day, user_level, phone, role, status, image_path, create_time, modify_time, last_active_time, deleted, wx_open_id FROM t_user WHERE deleted = 0 AND role = ? order by id desc LIMIT ? 
2024-08-06 18:42:14.616 DEBUG 5316 --- [XNIO-1 task-16] r.c.m.x.repository.UserMapper.userPage   : ==> Parameters: 1(Integer), 10(Integer)
2024-08-06 18:42:14.617 DEBUG 5316 --- [XNIO-1 task-16] r.c.m.x.repository.UserMapper.userPage   : <==      Total: 1
2024-08-06 18:42:19.378 DEBUG 5316 --- [XNIO-1 task-17] r.c.m.x.r.UserMapper.userPage_COUNT      : ==>  Preparing: SELECT count(0) FROM t_user WHERE deleted = 0 AND role = ? 
2024-08-06 18:42:19.378 DEBUG 5316 --- [XNIO-1 task-17] r.c.m.x.r.UserMapper.userPage_COUNT      : ==> Parameters: 3(Integer)
2024-08-06 18:42:19.379 DEBUG 5316 --- [XNIO-1 task-17] r.c.m.x.r.UserMapper.userPage_COUNT      : <==      Total: 1
2024-08-06 18:42:19.379 DEBUG 5316 --- [XNIO-1 task-17] r.c.m.x.repository.UserMapper.userPage   : ==>  Preparing: SELECT id, user_uuid, user_name, password, real_name, age, sex, birth_day, user_level, phone, role, status, image_path, create_time, modify_time, last_active_time, deleted, wx_open_id FROM t_user WHERE deleted = 0 AND role = ? order by id desc LIMIT ? 
2024-08-06 18:42:19.379 DEBUG 5316 --- [XNIO-1 task-17] r.c.m.x.repository.UserMapper.userPage   : ==> Parameters: 3(Integer), 10(Integer)
2024-08-06 18:42:19.379 DEBUG 5316 --- [XNIO-1 task-17] r.c.m.x.repository.UserMapper.userPage   : <==      Total: 1
2024-08-06 18:42:22.986 DEBUG 5316 --- [XNIO-1 task-18] r.c.m.x.r.SubjectMapper.allSubject       : ==>  Preparing: select id, name, level, level_name, item_order, deleted from t_subject 
2024-08-06 18:42:22.987 DEBUG 5316 --- [XNIO-1 task-18] r.c.m.x.r.SubjectMapper.allSubject       : ==> Parameters: 
2024-08-06 18:42:22.988 DEBUG 5316 --- [XNIO-1 task-18] r.c.m.x.r.SubjectMapper.allSubject       : <==      Total: 0
2024-08-06 18:42:23.295 DEBUG 5316 --- [XNIO-1 task-19] r.c.m.x.r.ExamPaperMapper.page_COUNT     : ==>  Preparing: SELECT count(0) FROM t_exam_paper WHERE deleted = 0 
2024-08-06 18:42:23.295 DEBUG 5316 --- [XNIO-1 task-19] r.c.m.x.r.ExamPaperMapper.page_COUNT     : ==> Parameters: 
2024-08-06 18:42:23.295 DEBUG 5316 --- [XNIO-1 task-19] r.c.m.x.r.ExamPaperMapper.page_COUNT     : <==      Total: 1
2024-08-06 18:42:29.087 DEBUG 5316 --- [XNIO-1 task-20] r.c.m.x.r.SubjectMapper.allSubject       : ==>  Preparing: select id, name, level, level_name, item_order, deleted from t_subject 
2024-08-06 18:42:29.087 DEBUG 5316 --- [XNIO-1 task-20] r.c.m.x.r.SubjectMapper.allSubject       : ==> Parameters: 
2024-08-06 18:42:29.087 DEBUG 5316 --- [XNIO-1 task-20] r.c.m.x.r.SubjectMapper.allSubject       : <==      Total: 0
2024-08-06 18:42:35.594 DEBUG 5316 --- [XNIO-1 task-21] r.c.m.x.r.SubjectMapper.allSubject       : ==>  Preparing: select id, name, level, level_name, item_order, deleted from t_subject 
2024-08-06 18:42:35.594 DEBUG 5316 --- [XNIO-1 task-21] r.c.m.x.r.SubjectMapper.allSubject       : ==> Parameters: 
2024-08-06 18:42:35.599 DEBUG 5316 --- [XNIO-1 task-21] r.c.m.x.r.SubjectMapper.allSubject       : <==      Total: 0
2024-08-06 18:42:35.600 DEBUG 5316 --- [XNIO-1 task-22] r.c.m.x.r.QuestionMapper.page_COUNT      : ==>  Preparing: SELECT count(0) FROM t_question WHERE deleted = 0 
2024-08-06 18:42:35.601 DEBUG 5316 --- [XNIO-1 task-22] r.c.m.x.r.QuestionMapper.page_COUNT      : ==> Parameters: 
2024-08-06 18:42:35.601 DEBUG 5316 --- [XNIO-1 task-22] r.c.m.x.r.QuestionMapper.page_COUNT      : <==      Total: 1
2024-08-06 18:42:43.074 DEBUG 5316 --- [XNIO-1 task-23] r.c.m.x.r.SubjectMapper.allSubject       : ==>  Preparing: select id, name, level, level_name, item_order, deleted from t_subject 
2024-08-06 18:42:43.077 DEBUG 5316 --- [XNIO-1 task-23] r.c.m.x.r.SubjectMapper.allSubject       : ==> Parameters: 
2024-08-06 18:42:43.078 DEBUG 5316 --- [XNIO-1 task-23] r.c.m.x.r.SubjectMapper.allSubject       : <==      Total: 0
2024-08-06 18:42:49.045 DEBUG 5316 --- [XNIO-1 task-24] r.c.m.x.r.SubjectMapper.allSubject       : ==>  Preparing: select id, name, level, level_name, item_order, deleted from t_subject 
2024-08-06 18:42:49.045 DEBUG 5316 --- [XNIO-1 task-24] r.c.m.x.r.SubjectMapper.allSubject       : ==> Parameters: 
2024-08-06 18:42:49.045 DEBUG 5316 --- [XNIO-1 task-25] r.c.m.x.r.QuestionMapper.page_COUNT      : ==>  Preparing: SELECT count(0) FROM t_question WHERE deleted = 0 
2024-08-06 18:42:49.045 DEBUG 5316 --- [XNIO-1 task-24] r.c.m.x.r.SubjectMapper.allSubject       : <==      Total: 0
2024-08-06 18:42:49.045 DEBUG 5316 --- [XNIO-1 task-25] r.c.m.x.r.QuestionMapper.page_COUNT      : ==> Parameters: 
2024-08-06 18:42:49.045 DEBUG 5316 --- [XNIO-1 task-25] r.c.m.x.r.QuestionMapper.page_COUNT      : <==      Total: 1
2024-08-06 18:42:51.780 DEBUG 5316 --- [XNIO-1 task-26] r.c.m.x.r.TaskExamMapper.page_COUNT      : ==>  Preparing: SELECT count(0) FROM t_task_exam WHERE deleted = 0 
2024-08-06 18:42:51.781 DEBUG 5316 --- [XNIO-1 task-26] r.c.m.x.r.TaskExamMapper.page_COUNT      : ==> Parameters: 
2024-08-06 18:42:51.781 DEBUG 5316 --- [XNIO-1 task-26] r.c.m.x.r.TaskExamMapper.page_COUNT      : <==      Total: 1
2024-08-06 18:42:56.381 DEBUG 5316 --- [XNIO-1 task-27] r.c.m.x.r.SubjectMapper.allSubject       : ==>  Preparing: select id, name, level, level_name, item_order, deleted from t_subject 
2024-08-06 18:42:56.381 DEBUG 5316 --- [XNIO-1 task-27] r.c.m.x.r.SubjectMapper.allSubject       : ==> Parameters: 
2024-08-06 18:42:56.381 DEBUG 5316 --- [XNIO-1 task-27] r.c.m.x.r.SubjectMapper.allSubject       : <==      Total: 0
2024-08-06 18:42:58.968 DEBUG 5316 --- [XNIO-1 task-28] r.c.m.x.r.SubjectMapper.page_COUNT       : ==>  Preparing: SELECT count(0) FROM t_subject WHERE deleted = 0 
2024-08-06 18:42:58.968 DEBUG 5316 --- [XNIO-1 task-28] r.c.m.x.r.SubjectMapper.page_COUNT       : ==> Parameters: 
2024-08-06 18:42:58.969 DEBUG 5316 --- [XNIO-1 task-28] r.c.m.x.r.SubjectMapper.page_COUNT       : <==      Total: 1
2024-08-06 18:43:01.844 DEBUG 5316 --- [XNIO-1 task-29] r.c.m.x.r.SubjectMapper.allSubject       : ==>  Preparing: select id, name, level, level_name, item_order, deleted from t_subject 
2024-08-06 18:43:01.844 DEBUG 5316 --- [XNIO-1 task-29] r.c.m.x.r.SubjectMapper.allSubject       : ==> Parameters: 
2024-08-06 18:43:01.844 DEBUG 5316 --- [XNIO-1 task-29] r.c.m.x.r.SubjectMapper.allSubject       : <==      Total: 0
2024-08-06 18:43:01.850 DEBUG 5316 --- [XNIO-1 task-30] r.c.m.x.r.E.adminPage_COUNT              : ==>  Preparing: SELECT count(0) FROM t_exam_paper_answer 
2024-08-06 18:43:01.850 DEBUG 5316 --- [XNIO-1 task-30] r.c.m.x.r.E.adminPage_COUNT              : ==> Parameters: 
2024-08-06 18:43:01.850 DEBUG 5316 --- [XNIO-1 task-30] r.c.m.x.r.E.adminPage_COUNT              : <==      Total: 1
2024-08-06 18:43:04.518 DEBUG 5316 --- [XNIO-1 task-31] r.c.m.x.r.MessageMapper.page_COUNT       : ==>  Preparing: SELECT count(0) FROM t_message 
2024-08-06 18:43:04.518 DEBUG 5316 --- [XNIO-1 task-31] r.c.m.x.r.MessageMapper.page_COUNT       : ==> Parameters: 
2024-08-06 18:43:04.523 DEBUG 5316 --- [XNIO-1 task-31] r.c.m.x.r.MessageMapper.page_COUNT       : <==      Total: 1
2024-08-06 18:43:08.132 DEBUG 5316 --- [XNIO-1 task-32] r.c.m.x.r.UserEventLogMapper.page_COUNT  : ==>  Preparing: SELECT count(0) FROM t_user_event_log 
2024-08-06 18:43:08.133 DEBUG 5316 --- [XNIO-1 task-32] r.c.m.x.r.UserEventLogMapper.page_COUNT  : ==> Parameters: 
2024-08-06 18:43:08.134 DEBUG 5316 --- [XNIO-1 task-32] r.c.m.x.r.UserEventLogMapper.page_COUNT  : <==      Total: 1
2024-08-06 18:43:08.134 DEBUG 5316 --- [XNIO-1 task-32] r.c.m.x.r.UserEventLogMapper.page        : ==>  Preparing: SELECT id, user_id, user_name, real_name, content, create_time FROM t_user_event_log order by id desc LIMIT ? 
2024-08-06 18:43:08.134 DEBUG 5316 --- [XNIO-1 task-32] r.c.m.x.r.UserEventLogMapper.page        : ==> Parameters: 10(Integer)
2024-08-06 18:43:08.137 DEBUG 5316 --- [XNIO-1 task-32] r.c.m.x.r.UserEventLogMapper.page        : <==      Total: 8
2024-08-06 18:43:14.419 DEBUG 5316 --- [XNIO-1 task-33] r.c.m.x.r.UserMapper.userPage_COUNT      : ==>  Preparing: SELECT count(0) FROM t_user WHERE deleted = 0 AND role = ? 
2024-08-06 18:43:14.419 DEBUG 5316 --- [XNIO-1 task-33] r.c.m.x.r.UserMapper.userPage_COUNT      : ==> Parameters: 1(Integer)
2024-08-06 18:43:14.419 DEBUG 5316 --- [XNIO-1 task-33] r.c.m.x.r.UserMapper.userPage_COUNT      : <==      Total: 1
2024-08-06 18:43:14.426 DEBUG 5316 --- [XNIO-1 task-33] r.c.m.x.repository.UserMapper.userPage   : ==>  Preparing: SELECT id, user_uuid, user_name, password, real_name, age, sex, birth_day, user_level, phone, role, status, image_path, create_time, modify_time, last_active_time, deleted, wx_open_id FROM t_user WHERE deleted = 0 AND role = ? order by id desc LIMIT ? 
2024-08-06 18:43:14.426 DEBUG 5316 --- [XNIO-1 task-33] r.c.m.x.repository.UserMapper.userPage   : ==> Parameters: 1(Integer), 10(Integer)
2024-08-06 18:43:14.426 DEBUG 5316 --- [XNIO-1 task-33] r.c.m.x.repository.UserMapper.userPage   : <==      Total: 1
2024-08-06 18:43:19.415 DEBUG 5316 --- [XNIO-1 task-34] r.c.m.x.r.E.selectAllCount               : ==>  Preparing: SELECT count(*) from t_exam_paper where deleted=0 
2024-08-06 18:43:19.415 DEBUG 5316 --- [XNIO-1 task-34] r.c.m.x.r.E.selectAllCount               : ==> Parameters: 
2024-08-06 18:43:19.416 DEBUG 5316 --- [XNIO-1 task-34] r.c.m.x.r.E.selectAllCount               : <==      Total: 1
2024-08-06 18:43:19.416 DEBUG 5316 --- [XNIO-1 task-34] r.c.m.x.r.QuestionMapper.selectAllCount  : ==>  Preparing: SELECT count(*) from t_question where deleted=0 
2024-08-06 18:43:19.416 DEBUG 5316 --- [XNIO-1 task-34] r.c.m.x.r.QuestionMapper.selectAllCount  : ==> Parameters: 
2024-08-06 18:43:19.416 DEBUG 5316 --- [XNIO-1 task-34] r.c.m.x.r.QuestionMapper.selectAllCount  : <==      Total: 1
2024-08-06 18:43:19.416 DEBUG 5316 --- [XNIO-1 task-34] r.c.m.x.r.E.selectAllCount               : ==>  Preparing: SELECT count(*) from t_exam_paper_answer 
2024-08-06 18:43:19.416 DEBUG 5316 --- [XNIO-1 task-34] r.c.m.x.r.E.selectAllCount               : ==> Parameters: 
2024-08-06 18:43:19.417 DEBUG 5316 --- [XNIO-1 task-34] r.c.m.x.r.E.selectAllCount               : <==      Total: 1
2024-08-06 18:43:19.417 DEBUG 5316 --- [XNIO-1 task-34] r.c.m.x.r.E.selectAllCount               : ==>  Preparing: SELECT count(*) from t_exam_paper_question_customer_answer 
2024-08-06 18:43:19.417 DEBUG 5316 --- [XNIO-1 task-34] r.c.m.x.r.E.selectAllCount               : ==> Parameters: 
2024-08-06 18:43:19.417 DEBUG 5316 --- [XNIO-1 task-34] r.c.m.x.r.E.selectAllCount               : <==      Total: 1
2024-08-06 18:43:19.418 DEBUG 5316 --- [XNIO-1 task-34] r.c.m.x.r.U.selectCountByDate            : ==>  Preparing: SELECT create_time as name,COUNT(create_time) as value from ( SELECT DATE_FORMAT(create_time,'%Y-%m-%d') as create_time from t_user_event_log WHERE create_time between ? and ? ) a GROUP BY create_time 
2024-08-06 18:43:19.418 DEBUG 5316 --- [XNIO-1 task-34] r.c.m.x.r.U.selectCountByDate            : ==> Parameters: 2024-08-01 00:00:00.0(Timestamp), 2024-08-31 23:59:59.0(Timestamp)
2024-08-06 18:43:19.418 DEBUG 5316 --- [XNIO-1 task-34] r.c.m.x.r.U.selectCountByDate            : <==      Total: 2
2024-08-06 18:43:19.419 DEBUG 5316 --- [XNIO-1 task-34] r.c.m.x.r.E.selectCountByDate            : ==>  Preparing: SELECT create_time as name,COUNT(create_time) as value from ( SELECT DATE_FORMAT(create_time,'%Y-%m-%d') as create_time from t_exam_paper_question_customer_answer WHERE create_time between ? and ? ) a GROUP BY create_time 
2024-08-06 18:43:19.419 DEBUG 5316 --- [XNIO-1 task-34] r.c.m.x.r.E.selectCountByDate            : ==> Parameters: 2024-08-01 00:00:00.0(Timestamp), 2024-08-31 23:59:59.0(Timestamp)
2024-08-06 18:43:19.419 DEBUG 5316 --- [XNIO-1 task-34] r.c.m.x.r.E.selectCountByDate            : <==      Total: 0
2024-08-06 20:21:10.099 DEBUG 5316 --- [XNIO-1 task-38] r.c.m.x.r.UserMapper.getUserByUserName   : ==>  Preparing: select id, user_uuid, user_name, password, real_name, age, sex, birth_day, user_level, phone, role, status, image_path, create_time, modify_time, last_active_time, deleted, wx_open_id from t_user where deleted=0 and user_name=? limit 1 
2024-08-06 20:21:10.099 DEBUG 5316 --- [XNIO-1 task-37] r.c.m.x.r.UserMapper.getUserByUserName   : ==>  Preparing: select id, user_uuid, user_name, password, real_name, age, sex, birth_day, user_level, phone, role, status, image_path, create_time, modify_time, last_active_time, deleted, wx_open_id from t_user where deleted=0 and user_name=? limit 1 
2024-08-06 20:21:10.099 DEBUG 5316 --- [XNIO-1 task-38] r.c.m.x.r.UserMapper.getUserByUserName   : ==> Parameters: admin(String)
2024-08-06 20:21:10.099 DEBUG 5316 --- [XNIO-1 task-37] r.c.m.x.r.UserMapper.getUserByUserName   : ==> Parameters: admin(String)
2024-08-06 20:21:10.099 DEBUG 5316 --- [XNIO-1 task-38] r.c.m.x.r.UserMapper.getUserByUserName   : <==      Total: 1
2024-08-06 20:21:10.099 DEBUG 5316 --- [XNIO-1 task-37] r.c.m.x.r.UserMapper.getUserByUserName   : <==      Total: 1
2024-08-06 20:21:10.099 DEBUG 5316 --- [XNIO-1 task-37] r.c.m.x.r.UserMapper.getUserByUserName   : ==>  Preparing: select id, user_uuid, user_name, password, real_name, age, sex, birth_day, user_level, phone, role, status, image_path, create_time, modify_time, last_active_time, deleted, wx_open_id from t_user where deleted=0 and user_name=? limit 1 
2024-08-06 20:21:10.099 DEBUG 5316 --- [XNIO-1 task-38] r.c.m.x.r.UserMapper.getUserByUserName   : ==>  Preparing: select id, user_uuid, user_name, password, real_name, age, sex, birth_day, user_level, phone, role, status, image_path, create_time, modify_time, last_active_time, deleted, wx_open_id from t_user where deleted=0 and user_name=? limit 1 
2024-08-06 20:21:10.099 DEBUG 5316 --- [XNIO-1 task-37] r.c.m.x.r.UserMapper.getUserByUserName   : ==> Parameters: admin(String)
2024-08-06 20:21:10.099 DEBUG 5316 --- [XNIO-1 task-38] r.c.m.x.r.UserMapper.getUserByUserName   : ==> Parameters: admin(String)
2024-08-06 20:21:10.099 DEBUG 5316 --- [XNIO-1 task-38] r.c.m.x.r.UserMapper.getUserByUserName   : <==      Total: 1
2024-08-06 20:21:10.099 DEBUG 5316 --- [XNIO-1 task-37] r.c.m.x.r.UserMapper.getUserByUserName   : <==      Total: 1
2024-08-06 20:21:10.109 DEBUG 5316 --- [XNIO-1 task-38] r.c.m.x.r.SubjectMapper.allSubject       : ==>  Preparing: select id, name, level, level_name, item_order, deleted from t_subject 
2024-08-06 20:21:10.109 DEBUG 5316 --- [XNIO-1 task-38] r.c.m.x.r.SubjectMapper.allSubject       : ==> Parameters: 
2024-08-06 20:21:10.109 DEBUG 5316 --- [XNIO-1 task-38] r.c.m.x.r.SubjectMapper.allSubject       : <==      Total: 0
2024-08-06 20:21:10.109 DEBUG 5316 --- [XNIO-1 task-37] r.c.m.x.r.ExamPaperMapper.page_COUNT     : ==>  Preparing: SELECT count(0) FROM t_exam_paper WHERE deleted = 0 
2024-08-06 20:21:10.109 DEBUG 5316 --- [XNIO-1 task-37] r.c.m.x.r.ExamPaperMapper.page_COUNT     : ==> Parameters: 
2024-08-06 20:21:10.109 DEBUG 5316 --- [XNIO-1 task-37] r.c.m.x.r.ExamPaperMapper.page_COUNT     : <==      Total: 1
2024-08-06 20:22:01.593  INFO 5316 --- [Thread-7] com.zaxxer.hikari.HikariDataSource       : HikariPool-1 - Shutdown initiated...
2024-08-06 20:22:01.594  INFO 5316 --- [Thread-7] com.zaxxer.hikari.HikariDataSource       : HikariPool-1 - Shutdown completed.
2024-08-06 20:22:01.595  INFO 5316 --- [Thread-7] io.undertow.servlet                      : Destroying Spring FrameworkServlet 'dispatcherServlet'
